     1 00000000                                 [FORMAT "WCOFF"]    ;制作目标文件的模式
     2 00000000                                 [INSTRSET "i486p"]  ;说明使用486指令
     3 00000000                                 [BITS 32]   ;制作32位模式用的机械语言
     4 00000000                                 
     5 00000000                                 ;制作目标文件的信息
     6 00000000                                 [FILE "naskfunc.nas"]   ;源文件名信息
     7 00000000                                     ;GLOBAL _io_hlt,_write_mem8      ;程序中包含的函数名
     8 00000000                                     GLOBAL _io_hlt,_io_cli,_io_sti,_io_stihlt
     9 00000000                                     GLOBAL _io_in8,_io_in16,_io_in32
    10 00000000                                     GLOBAL _io_out8,_io_out16,_io_out32
    11 00000000                                     GLOBAL _io_load_eflags,_io_store_eflags
    12 00000000                                 
    13 00000000                                 ;实际的函数
    14                                          [SECTION .text]         ;目标文件中写了这些之后再写程序
    15 00000000                                 _io_hlt:                ;void io_hlt(void);
    16 00000000 F4                                  HLT
    17 00000001 C3                                  RET
    18 00000002                                 
    19 00000002                                 ;_write_mem8:            ;void write_mem8(int addr, int data);
    20 00000002                                 ;    MOV ECX,[ESP+4]     ;[ESP+4]中存放的时地址,将其读入ECX
    21 00000002                                 ;    MOV AL,[ESP+8]      ;[ESP+8]中存放的是数据.将其读入AL
    22 00000002                                 ;    MOV [ECX],AL
    23 00000002                                 ;    RET
    24 00000002                                 
    25 00000002                                 _io_cli:                 ;void io_cli(void);
    26 00000002 FA                                  CLI
    27 00000003 C3                                  RET
    28 00000004                                 
    29 00000004                                 _io_sti:                 ;void io_sti(void);
    30 00000004 FB                                  STI
    31 00000005 C3                                  RET
    32 00000006                                 
    33 00000006                                 _io_stihlt:              ;void io_stihlt(void);
    34 00000006 FB                                  STI
    35 00000007 F4                                  HLT
    36 00000008 C3                                  RET
    37 00000009                                 
    38 00000009                                 _io_in8:                ;int io_in8(int port);
    39 00000009 8B 54 24 04                         MOV EDX,[ESP+4]     ;port
    40 0000000D B8 00000000                         MOV EAX,0
    41 00000012 EC                                  IN AL,DX
    42 00000013 C3                                  RET
    43 00000014                                 
    44 00000014                                 _io_in16:               ;int io_in16(int port);
    45 00000014 8B 54 24 04                         MOV EDX,[ESP+4]     ;port
    46 00000018 B8 00000000                         MOV EAX,0
    47 0000001D 66 ED                               IN AX,DX
    48 0000001F                                 
    49 0000001F                                 _io_in32:               ;int io_in32(int port);
    50 0000001F 8B 54 24 04                         MOV EDX,[ESP+4]     ;port
    51 00000023 ED                                  IN EAX,DX
    52 00000024 C3                                  RET
    53 00000025                                 
    54 00000025                                 _io_out8:               ;void io_out8(int port,int data);
    55 00000025 8B 54 24 04                         MOV EDX,[ESP+4]     ;port
    56 00000029 8A 44 24 08                         MOV AL,[ESP+8]     ;data
    57 0000002D EE                                  OUT DX,AL
    58 0000002E C3                                  RET
    59 0000002F                                 
    60 0000002F                                 _io_out16:              ;void io_out16(int port,int data);
    61 0000002F 8B 54 24 04                         MOV EDX,[ESP+4]     ;port
    62 00000033 8B 44 24 08                         MOV EAX,[ESP+8]     ;data
    63 00000037 66 EF                               OUT DX,AX
    64 00000039 C3                                  RET
    65 0000003A                                 
    66 0000003A                                 _io_out32:              ;void io_out32(int port,int data);
    67 0000003A 8B 54 24 04                         MOV EDX,[ESP+4]     ;port
    68 0000003E 8B 44 24 08                         MOV EAX,[ESP+8]     ;data
    69 00000042 EF                                  OUT DX,EAX
    70 00000043 C3                                  RET
    71 00000044                                 
    72 00000044                                 _io_load_eflags:        ;int io_load_eflags(void);
    73 00000044 9C                                  PUSHFD              ;指 PUSH EFLAGS
    74 00000045 58                                  POP EAX
    75 00000046 C3                                  RET
    76 00000047                                 
    77 00000047                                 _io_store_eflags:       ;void io_store_eflags(int eflags);
    78 00000047 8B 44 24 04                         MOV EAX,[ESP+4]
    79 0000004B 50                                  PUSH EAX
    80 0000004C 9D                                  POPFD               ;指 POP EFLAGS
    81 0000004D C3                                  RET
