     1  = 00280000                              BOTPAK	EQU		0x00280000		; 加载bootpack
     2  = 00100000                              DSKCAC	EQU		0x00100000		; 磁盘缓存的位置
     3  = 00008000                              DSKCAC0	EQU		0x00008000		; 磁盘缓存的位置（实模式）
     4 00000000                                 
     5 00000000                                 ;有关BIOS_INFO
     6  = 00000FF0                              CYLS EQU 0x0FF0     ;设定启动区
     7  = 00000FF1                              LEDS EQU 0x0FF1
     8  = 00000FF2                              VMODE EQU 0x0FF2    ;关于颜色数目的信息,颜色的位数
     9  = 00000FF4                              SCRNX EQU 0x0FF4    ;分辨率的X
    10  = 00000FF6                              SCRNY EQU 0x0FF6    ;分辨率的Y
    11  = 00000FF8                              VRAM EQU 0x0FF8     ;图像缓冲区的开始地址
    12 00000000                                 
    13                                              ORG 0xC400  ;0x8000+0x4400
    14 0000C400 B0 13                               MOV AL,0x13 ;VGA显卡,320*200*8位彩色
    15 0000C402 B4 00                               MOV AH,0x00
    16 0000C404 CD 10                               INT 0x10
    17 0000C406 C6 06 0FF2 08                       MOV BYTE [VMODE],8  ;记录画面模式
    18 0000C40B C7 06 0FF4 0140                     MOV WORD [SCRNX],320
    19 0000C411 C7 06 0FF6 00C8                     MOV WORD [SCRNY],200
    20 0000C417 66 C7 06 0FF8 000A0000              MOV DWORD [VRAM],0x000A0000
    21 0000C420                                 
    22 0000C420 B4 02                               MOV AH,0x02
    23 0000C422 CD 16                               INT 0x16    ;键盘BIOS
    24 0000C424 A2 0FF1                             MOV [LEDS],AL
    25 0000C427                                 
    26 0000C427                                 ;PIC关闭一切中断
    27 0000C427                                 ;根据AT兼容机的规格,如果要初始化PIC
    28 0000C427                                 ;必须在CLI之前进行,否则有时会挂起
    29 0000C427                                 ;随后进行PIC的初始化
    30 0000C427                                 
    31 0000C427 B0 FF                           	MOV		AL,0xff
    32 0000C429 E6 21                           	OUT		0x21,AL
    33 0000C42B 90                              	NOP						; 如果连续执行OUT指令,有些机种会无法正常工作
    34 0000C42C E6 A1                           	OUT		0xa1,AL
    35 0000C42E                                 
    36 0000C42E FA                              	CLI						; 禁止CPU级别的中断
    37 0000C42F                                 
    38 0000C42F                                 ;为了让CPU能够访问1MB以上的内存空间,设定A20GATE
    39 0000C42F                                 
    40 0000C42F E8 00B5                         	CALL	waitkbdout
    41 0000C432 B0 D1                           	MOV		AL,0xd1
    42 0000C434 E6 64                           	OUT		0x64,AL
    43 0000C436 E8 00AE                         	CALL	waitkbdout
    44 0000C439 B0 DF                           	MOV		AL,0xdf			; enable A20
    45 0000C43B E6 60                           	OUT		0x60,AL
    46 0000C43D E8 00A7                         	CALL	waitkbdout
    47 0000C440                                 
    48 0000C440                                 ;切换到保护模式
    49 0000C440                                 
    50 0000C440                                 [INSTRSET "i486p"]				;"想要使用486指令"的叙述
    51 0000C440                                 
    52 0000C440 0F 01 16 C52A                   	LGDT	[GDTR0]			; 设定临时GDT
    53 0000C445 0F 20 C0                        	MOV		EAX,CR0
    54 0000C448 66 25 7FFFFFFF                  	AND		EAX,0x7fffffff	; 设bit31为0(为了禁止分页)
    55 0000C44E 66 83 C8 01                     	OR		EAX,0x00000001	; 设bit0为1(为了切换到保护模式)
    56 0000C452 0F 22 C0                        	MOV		CR0,EAX
    57 0000C455 EB 00                           	JMP		pipelineflush
    58 0000C457                                 pipelineflush:
    59 0000C457 B8 0008                         	MOV		AX,1*8			;可读写的段 32bit
    60 0000C45A 8E D8                           	MOV		DS,AX
    61 0000C45C 8E C0                           	MOV		ES,AX
    62 0000C45E 8E E0                           	MOV		FS,AX
    63 0000C460 8E E8                           	MOV		GS,AX
    64 0000C462 8E D0                           	MOV		SS,AX
    65 0000C464                                 
    66 0000C464                                 ;bootpack的转送
    67 0000C464                                 
    68 0000C464 66 BE 0000C530                  	MOV		ESI,bootpack	; 源
    69 0000C46A 66 BF 00280000                  	MOV		EDI,BOTPAK		; 目标
    70 0000C470 66 B9 00020000                  	MOV		ECX,512*1024/4
    71 0000C476 E8 0075                         	CALL	memcpy
    72 0000C479                                 
    73 0000C479                                 ;磁盘数据最终转送到它本来的位置去
    74 0000C479                                 
    75 0000C479                                 ;首先从启动扇区开始
    76 0000C479                                 
    77 0000C479 66 BE 00007C00                  	MOV		ESI,0x7c00		; 源
    78 0000C47F 66 BF 00100000                  	MOV		EDI,DSKCAC		; 目标
    79 0000C485 66 B9 00000080                  	MOV		ECX,512/4
    80 0000C48B E8 0060                         	CALL	memcpy
    81 0000C48E                                 
    82 0000C48E                                 ;所有剩下的
    83 0000C48E                                 
    84 0000C48E 66 BE 00008200                  	MOV		ESI,DSKCAC0+512	; 源
    85 0000C494 66 BF 00100200                  	MOV		EDI,DSKCAC+512	; 目标
    86 0000C49A 66 B9 00000000                  	MOV		ECX,0
    87 0000C4A0 8A 0E 0FF0                      	MOV		CL,BYTE [CYLS]
    88 0000C4A4 66 69 C9 00001200               	IMUL	ECX,512*18*2/4	; 从柱面数变换为字节数/4
    89 0000C4AB 66 81 E9 00000080               	SUB		ECX,512/4		; 减去IPL
    90 0000C4B2 E8 0039                         	CALL	memcpy
    91 0000C4B5                                 
    92 0000C4B5                                 ;必须由asmhead来完成的工作,至此全部完毕
    93 0000C4B5                                 ;以后就交由bootpack来完成
    94 0000C4B5                                 
    95 0000C4B5                                 ;bootpack的启动
    96 0000C4B5                                 
    97 0000C4B5 66 BB 00280000                  	MOV		EBX,BOTPAK
    98 0000C4BB 67 66 8B 4B 10                  	MOV		ECX,[EBX+16]
    99 0000C4C0 66 83 C1 03                     	ADD		ECX,3			; ECX += 3;
   100 0000C4C4 66 C1 E9 02                     	SHR		ECX,2			; ECX /= 4;
   101 0000C4C8 74 10                           	JZ		skip			; 传输完成
   102 0000C4CA 67 66 8B 73 14                  	MOV		ESI,[EBX+20]	; 源
   103 0000C4CF 66 01 DE                        	ADD		ESI,EBX
   104 0000C4D2 67 66 8B 7B 0C                  	MOV		EDI,[EBX+12]	; 目标
   105 0000C4D7 E8 0014                         	CALL	memcpy
   106 0000C4DA                                 skip:
   107 0000C4DA 67 66 8B 63 0C                  	MOV		ESP,[EBX+12]	; 栈初始值
   108 0000C4DF 66 EA 0000001B 0010             	JMP		DWORD 2*8:0x0000001b
   109 0000C4E7                                 
   110 0000C4E7                                 waitkbdout:
   111 0000C4E7 E4 64                           	IN		 AL,0x64
   112 0000C4E9 24 02                           	AND		 AL,0x02
   113 0000C4EB 75 FA                           	JNZ		waitkbdout		; AND的结果如果不是0,就跳到waitkbdout
   114 0000C4ED C3                              	RET
   115 0000C4EE                                 
   116 0000C4EE                                 memcpy:
   117 0000C4EE 67 66 8B 06                     	MOV		EAX,[ESI]
   118 0000C4F2 66 83 C6 04                     	ADD		ESI,4
   119 0000C4F6 67 66 89 07                     	MOV		[EDI],EAX
   120 0000C4FA 66 83 C7 04                     	ADD		EDI,4
   121 0000C4FE 66 83 E9 01                     	SUB		ECX,1
   122 0000C502 75 EA                           	JNZ		memcpy			; 减法运算的结果如果不是0,就跳转到memcpy
   123 0000C504 C3                              	RET
   124 0000C505                                 ;memcpy地址前缀大小
   125 0000C505                                 
   126 0000C505 00 00 00 00 00 00 00 00 00 00   	ALIGNB	16
       0000C50F 00 
   127 0000C510                                 GDT0:
   128 0000C510 00 00 00 00 00 00 00 00         	RESB 8                              ; NULL selector
   129 0000C518 FFFF 0000 9200 00CF             	DW		0xffff,0x0000,0x9200,0x00cf	; 可以读写的段(segment) 32bit
   130 0000C520 FFFF 0000 9A28 0047             	DW		0xffff,0x0000,0x9a28,0x0047	; 可以执行的段(segment) 32bit (bootpack用)
   131 0000C528                                 
   132 0000C528 0000                            	DW		0
   133 0000C52A                                 GDTR0:
   134 0000C52A 0017                            	DW		8*3-1
   135 0000C52C 0000C510                        	DD		GDT0
   136 0000C530                                 
   137 0000C530                                 	ALIGNB	16
   138 0000C530                                 bootpack:
