     1 00000000                                 [FORMAT "WCOFF"]
     2 00000000                                 [INSTRSET "i486p"]
     3 00000000                                 [OPTIMIZE 1]
     4 00000000                                 [OPTION 1]
     5 00000000                                 [BITS 32]
     6 00000000                                 	EXTERN	_memman_alloc_4k
     7 00000000                                 	EXTERN	_memman_free_4k
     8 00000000                                 [FILE "sheet.c"]
     9                                          [SECTION .text]
    10 00000000                                 	GLOBAL	_shtctl_init
    11 00000000                                 _shtctl_init:
    12 00000000 55                              	PUSH	EBP
    13 00000001 89 E5                           	MOV	EBP,ESP
    14 00000003 57                              	PUSH	EDI
    15 00000004 56                              	PUSH	ESI
    16 00000005 53                              	PUSH	EBX
    17 00000006 8B 75 08                        	MOV	ESI,DWORD [8+EBP]
    18 00000009 68 00002814                     	PUSH	10260
    19 0000000E 8B 7D 10                        	MOV	EDI,DWORD [16+EBP]
    20 00000011 56                              	PUSH	ESI
    21 00000012 E8 [00000000]                   	CALL	_memman_alloc_4k
    22 00000017 89 C3                           	MOV	EBX,EAX
    23 00000019 58                              	POP	EAX
    24 0000001A 5A                              	POP	EDX
    25 0000001B 85 DB                           	TEST	EBX,EBX
    26 0000001D 74 4A                           	JE	L3
    27 0000001F 8B 45 14                        	MOV	EAX,DWORD [20+EBP]
    28 00000022 0F AF C7                        	IMUL	EAX,EDI
    29 00000025 50                              	PUSH	EAX
    30 00000026 56                              	PUSH	ESI
    31 00000027 E8 [00000000]                   	CALL	_memman_alloc_4k
    32 0000002C 85 C0                           	TEST	EAX,EAX
    33 0000002E 89 43 04                        	MOV	DWORD [4+EBX],EAX
    34 00000031 5A                              	POP	EDX
    35 00000032 59                              	POP	ECX
    36 00000033 74 3E                           	JE	L11
    37 00000035 8B 45 0C                        	MOV	EAX,DWORD [12+EBP]
    38 00000038 89 7B 08                        	MOV	DWORD [8+EBX],EDI
    39 0000003B 89 03                           	MOV	DWORD [EBX],EAX
    40 0000003D 8D 93 000023DC                  	LEA	EDX,DWORD [9180+EBX]
    41 00000043 8B 45 14                        	MOV	EAX,DWORD [20+EBP]
    42 00000046 89 43 0C                        	MOV	DWORD [12+EBX],EAX
    43 00000049 89 D8                           	MOV	EAX,EBX
    44 0000004B C7 43 10 FFFFFFFF               	MOV	DWORD [16+EBX],-1
    45 00000052                                 L9:
    46 00000052 C7 80 00000430 00000000         	MOV	DWORD [1072+EAX],0
    47 0000005C 89 98 00000434                  	MOV	DWORD [1076+EAX],EBX
    48 00000062 83 C0 24                        	ADD	EAX,36
    49 00000065 39 D0                           	CMP	EAX,EDX
    50 00000067 7E E9                           	JLE	L9
    51 00000069                                 L3:
    52 00000069 8D 65 F4                        	LEA	ESP,DWORD [-12+EBP]
    53 0000006C 89 D8                           	MOV	EAX,EBX
    54 0000006E 5B                              	POP	EBX
    55 0000006F 5E                              	POP	ESI
    56 00000070 5F                              	POP	EDI
    57 00000071 5D                              	POP	EBP
    58 00000072 C3                              	RET
    59 00000073                                 L11:
    60 00000073 68 00002814                     	PUSH	10260
    61 00000078 53                              	PUSH	EBX
    62 00000079 56                              	PUSH	ESI
    63 0000007A E8 [00000000]                   	CALL	_memman_free_4k
    64 0000007F 83 C4 0C                        	ADD	ESP,12
    65 00000082 EB E5                           	JMP	L3
    66 00000084                                 	GLOBAL	_sheet_alloc
    67 00000084                                 _sheet_alloc:
    68 00000084 55                              	PUSH	EBP
    69 00000085 31 D2                           	XOR	EDX,EDX
    70 00000087 89 E5                           	MOV	EBP,ESP
    71 00000089 8B 45 08                        	MOV	EAX,DWORD [8+EBP]
    72 0000008C 05 00000414                     	ADD	EAX,1044
    73 00000091                                 L18:
    74 00000091 83 78 1C 00                     	CMP	DWORD [28+EAX],0
    75 00000095 74 10                           	JE	L21
    76 00000097 42                              	INC	EDX
    77 00000098 83 C0 24                        	ADD	EAX,36
    78 0000009B 81 FA 000000FF                  	CMP	EDX,255
    79 000000A1 7E EE                           	JLE	L18
    80 000000A3 31 C0                           	XOR	EAX,EAX
    81 000000A5                                 L12:
    82 000000A5 5D                              	POP	EBP
    83 000000A6 C3                              	RET
    84 000000A7                                 L21:
    85 000000A7 C7 40 1C 00000001               	MOV	DWORD [28+EAX],1
    86 000000AE C7 40 18 FFFFFFFF               	MOV	DWORD [24+EAX],-1
    87 000000B5 EB EE                           	JMP	L12
    88 000000B7                                 	GLOBAL	_sheet_setbuf
    89 000000B7                                 _sheet_setbuf:
    90 000000B7 55                              	PUSH	EBP
    91 000000B8 89 E5                           	MOV	EBP,ESP
    92 000000BA 8B 55 08                        	MOV	EDX,DWORD [8+EBP]
    93 000000BD 8B 45 0C                        	MOV	EAX,DWORD [12+EBP]
    94 000000C0 89 02                           	MOV	DWORD [EDX],EAX
    95 000000C2 8B 45 10                        	MOV	EAX,DWORD [16+EBP]
    96 000000C5 89 42 04                        	MOV	DWORD [4+EDX],EAX
    97 000000C8 8B 45 14                        	MOV	EAX,DWORD [20+EBP]
    98 000000CB 89 42 08                        	MOV	DWORD [8+EDX],EAX
    99 000000CE 8B 45 18                        	MOV	EAX,DWORD [24+EBP]
   100 000000D1 89 42 14                        	MOV	DWORD [20+EDX],EAX
   101 000000D4 5D                              	POP	EBP
   102 000000D5 C3                              	RET
   103 000000D6                                 	GLOBAL	_sheet_updown
   104 000000D6                                 _sheet_updown:
   105 000000D6 55                              	PUSH	EBP
   106 000000D7 89 E5                           	MOV	EBP,ESP
   107 000000D9 57                              	PUSH	EDI
   108 000000DA 56                              	PUSH	ESI
   109 000000DB 53                              	PUSH	EBX
   110 000000DC 51                              	PUSH	ECX
   111 000000DD 8B 7D 08                        	MOV	EDI,DWORD [8+EBP]
   112 000000E0 8B 5D 0C                        	MOV	EBX,DWORD [12+EBP]
   113 000000E3 8B 77 20                        	MOV	ESI,DWORD [32+EDI]
   114 000000E6 8B 47 18                        	MOV	EAX,DWORD [24+EDI]
   115 000000E9 89 45 F0                        	MOV	DWORD [-16+EBP],EAX
   116 000000EC 8B 46 10                        	MOV	EAX,DWORD [16+ESI]
   117 000000EF 40                              	INC	EAX
   118 000000F0 39 C3                           	CMP	EBX,EAX
   119 000000F2 7E 02                           	JLE	L24
   120 000000F4 89 C3                           	MOV	EBX,EAX
   121 000000F6                                 L24:
   122 000000F6 83 FB FF                        	CMP	EBX,-1
   123 000000F9 7D 03                           	JGE	L25
   124 000000FB 83 CB FF                        	OR	EBX,-1
   125 000000FE                                 L25:
   126 000000FE 89 5F 18                        	MOV	DWORD [24+EDI],EBX
   127 00000101 39 5D F0                        	CMP	DWORD [-16+EBP],EBX
   128 00000104 0F 8E 000000A8                  	JLE	L26
   129 0000010A 85 DB                           	TEST	EBX,EBX
   130 0000010C 78 5C                           	JS	L27
   131 0000010E 8B 4D F0                        	MOV	ECX,DWORD [-16+EBP]
   132 00000111                                 L32:
   133 00000111 8B 44 8E 10                     	MOV	EAX,DWORD [16+ESI+ECX*4]
   134 00000115 89 44 8E 14                     	MOV	DWORD [20+ESI+ECX*4],EAX
   135 00000119 89 48 18                        	MOV	DWORD [24+EAX],ECX
   136 0000011C 49                              	DEC	ECX
   137 0000011D 39 D9                           	CMP	ECX,EBX
   138 0000011F 7F F0                           	JG	L32
   139 00000121 89 7C 9E 14                     	MOV	DWORD [20+ESI+EBX*4],EDI
   140 00000125 43                              	INC	EBX
   141 00000126 53                              	PUSH	EBX
   142 00000127 8B 4F 10                        	MOV	ECX,DWORD [16+EDI]
   143 0000012A 89 C8                           	MOV	EAX,ECX
   144 0000012C 03 47 08                        	ADD	EAX,DWORD [8+EDI]
   145 0000012F 50                              	PUSH	EAX
   146 00000130 8B 57 0C                        	MOV	EDX,DWORD [12+EDI]
   147 00000133 89 D0                           	MOV	EAX,EDX
   148 00000135 03 47 04                        	ADD	EAX,DWORD [4+EDI]
   149 00000138 50                              	PUSH	EAX
   150 00000139 51                              	PUSH	ECX
   151 0000013A 52                              	PUSH	EDX
   152 0000013B 56                              	PUSH	ESI
   153 0000013C E8 00000347                     	CALL	_sheet_refreshmap
   154 00000141 FF 75 F0                        	PUSH	DWORD [-16+EBP]
   155 00000144                                 L62:
   156 00000144 53                              	PUSH	EBX
   157 00000145                                 L61:
   158 00000145 8B 4F 10                        	MOV	ECX,DWORD [16+EDI]
   159 00000148 89 C8                           	MOV	EAX,ECX
   160 0000014A 03 47 08                        	ADD	EAX,DWORD [8+EDI]
   161 0000014D 50                              	PUSH	EAX
   162 0000014E 8B 57 0C                        	MOV	EDX,DWORD [12+EDI]
   163 00000151 89 D0                           	MOV	EAX,EDX
   164 00000153 03 47 04                        	ADD	EAX,DWORD [4+EDI]
   165 00000156 50                              	PUSH	EAX
   166 00000157 51                              	PUSH	ECX
   167 00000158 52                              	PUSH	EDX
   168 00000159 56                              	PUSH	ESI
   169 0000015A E8 000001C6                     	CALL	_sheet_refreshsub
   170 0000015F 83 C4 34                        	ADD	ESP,52
   171 00000162                                 L23:
   172 00000162 8D 65 F4                        	LEA	ESP,DWORD [-12+EBP]
   173 00000165 5B                              	POP	EBX
   174 00000166 5E                              	POP	ESI
   175 00000167 5F                              	POP	EDI
   176 00000168 5D                              	POP	EBP
   177 00000169 C3                              	RET
   178 0000016A                                 L27:
   179 0000016A 8B 46 10                        	MOV	EAX,DWORD [16+ESI]
   180 0000016D 3B 45 F0                        	CMP	EAX,DWORD [-16+EBP]
   181 00000170 7E 18                           	JLE	L34
   182 00000172 8B 4D F0                        	MOV	ECX,DWORD [-16+EBP]
   183 00000175 39 C1                           	CMP	ECX,EAX
   184 00000177 7D 11                           	JGE	L34
   185 00000179                                 L39:
   186 00000179 8B 44 8E 18                     	MOV	EAX,DWORD [24+ESI+ECX*4]
   187 0000017D 89 44 8E 14                     	MOV	DWORD [20+ESI+ECX*4],EAX
   188 00000181 89 48 18                        	MOV	DWORD [24+EAX],ECX
   189 00000184 41                              	INC	ECX
   190 00000185 3B 4E 10                        	CMP	ECX,DWORD [16+ESI]
   191 00000188 7C EF                           	JL	L39
   192 0000018A                                 L34:
   193 0000018A FF 4E 10                        	DEC	DWORD [16+ESI]
   194 0000018D 6A 00                           	PUSH	0
   195 0000018F 8B 4F 10                        	MOV	ECX,DWORD [16+EDI]
   196 00000192 89 C8                           	MOV	EAX,ECX
   197 00000194 03 47 08                        	ADD	EAX,DWORD [8+EDI]
   198 00000197 50                              	PUSH	EAX
   199 00000198 8B 57 0C                        	MOV	EDX,DWORD [12+EDI]
   200 0000019B 89 D0                           	MOV	EAX,EDX
   201 0000019D 03 47 04                        	ADD	EAX,DWORD [4+EDI]
   202 000001A0 50                              	PUSH	EAX
   203 000001A1 51                              	PUSH	ECX
   204 000001A2 52                              	PUSH	EDX
   205 000001A3 56                              	PUSH	ESI
   206 000001A4 E8 000002DF                     	CALL	_sheet_refreshmap
   207 000001A9 8B 45 F0                        	MOV	EAX,DWORD [-16+EBP]
   208 000001AC 48                              	DEC	EAX
   209 000001AD 50                              	PUSH	EAX
   210 000001AE 6A 00                           	PUSH	0
   211 000001B0 EB 93                           	JMP	L61
   212 000001B2                                 L26:
   213 000001B2 39 5D F0                        	CMP	DWORD [-16+EBP],EBX
   214 000001B5 7D AB                           	JGE	L23
   215 000001B7 83 7D F0 00                     	CMP	DWORD [-16+EBP],0
   216 000001BB 78 3C                           	JS	L42
   217 000001BD 8B 4D F0                        	MOV	ECX,DWORD [-16+EBP]
   218 000001C0 39 D9                           	CMP	ECX,EBX
   219 000001C2 7D 10                           	JGE	L58
   220 000001C4                                 L47:
   221 000001C4 8B 44 8E 18                     	MOV	EAX,DWORD [24+ESI+ECX*4]
   222 000001C8 89 44 8E 14                     	MOV	DWORD [20+ESI+ECX*4],EAX
   223 000001CC 89 48 18                        	MOV	DWORD [24+EAX],ECX
   224 000001CF 41                              	INC	ECX
   225 000001D0 39 D9                           	CMP	ECX,EBX
   226 000001D2 7C F0                           	JL	L47
   227 000001D4                                 L58:
   228 000001D4 89 7C 9E 14                     	MOV	DWORD [20+ESI+EBX*4],EDI
   229 000001D8                                 L48:
   230 000001D8 53                              	PUSH	EBX
   231 000001D9 8B 4F 10                        	MOV	ECX,DWORD [16+EDI]
   232 000001DC 89 C8                           	MOV	EAX,ECX
   233 000001DE 03 47 08                        	ADD	EAX,DWORD [8+EDI]
   234 000001E1 50                              	PUSH	EAX
   235 000001E2 8B 57 0C                        	MOV	EDX,DWORD [12+EDI]
   236 000001E5 89 D0                           	MOV	EAX,EDX
   237 000001E7 03 47 04                        	ADD	EAX,DWORD [4+EDI]
   238 000001EA 50                              	PUSH	EAX
   239 000001EB 51                              	PUSH	ECX
   240 000001EC 52                              	PUSH	EDX
   241 000001ED 56                              	PUSH	ESI
   242 000001EE E8 00000295                     	CALL	_sheet_refreshmap
   243 000001F3 53                              	PUSH	EBX
   244 000001F4 E9 FFFFFF4B                     	JMP	L62
   245 000001F9                                 L42:
   246 000001F9 8B 4E 10                        	MOV	ECX,DWORD [16+ESI]
   247 000001FC 39 D9                           	CMP	ECX,EBX
   248 000001FE 7C 13                           	JL	L60
   249 00000200                                 L53:
   250 00000200 8B 54 8E 14                     	MOV	EDX,DWORD [20+ESI+ECX*4]
   251 00000204 8D 41 01                        	LEA	EAX,DWORD [1+ECX]
   252 00000207 89 54 8E 18                     	MOV	DWORD [24+ESI+ECX*4],EDX
   253 0000020B 49                              	DEC	ECX
   254 0000020C 89 42 18                        	MOV	DWORD [24+EDX],EAX
   255 0000020F 39 D9                           	CMP	ECX,EBX
   256 00000211 7D ED                           	JGE	L53
   257 00000213                                 L60:
   258 00000213 89 7C 9E 14                     	MOV	DWORD [20+ESI+EBX*4],EDI
   259 00000217 FF 46 10                        	INC	DWORD [16+ESI]
   260 0000021A EB BC                           	JMP	L48
   261 0000021C                                 	GLOBAL	_sheet_refresh
   262 0000021C                                 _sheet_refresh:
   263 0000021C 55                              	PUSH	EBP
   264 0000021D 89 E5                           	MOV	EBP,ESP
   265 0000021F 53                              	PUSH	EBX
   266 00000220 8B 5D 08                        	MOV	EBX,DWORD [8+EBP]
   267 00000223 8B 43 18                        	MOV	EAX,DWORD [24+EBX]
   268 00000226 85 C0                           	TEST	EAX,EAX
   269 00000228 78 27                           	JS	L63
   270 0000022A 50                              	PUSH	EAX
   271 0000022B 50                              	PUSH	EAX
   272 0000022C 8B 4B 10                        	MOV	ECX,DWORD [16+EBX]
   273 0000022F 89 C8                           	MOV	EAX,ECX
   274 00000231 03 4D 10                        	ADD	ECX,DWORD [16+EBP]
   275 00000234 03 45 18                        	ADD	EAX,DWORD [24+EBP]
   276 00000237 50                              	PUSH	EAX
   277 00000238 8B 53 0C                        	MOV	EDX,DWORD [12+EBX]
   278 0000023B 89 D0                           	MOV	EAX,EDX
   279 0000023D 03 55 0C                        	ADD	EDX,DWORD [12+EBP]
   280 00000240 03 45 14                        	ADD	EAX,DWORD [20+EBP]
   281 00000243 50                              	PUSH	EAX
   282 00000244 51                              	PUSH	ECX
   283 00000245 52                              	PUSH	EDX
   284 00000246 FF 73 20                        	PUSH	DWORD [32+EBX]
   285 00000249 E8 000000D7                     	CALL	_sheet_refreshsub
   286 0000024E 83 C4 1C                        	ADD	ESP,28
   287 00000251                                 L63:
   288 00000251 8B 5D FC                        	MOV	EBX,DWORD [-4+EBP]
   289 00000254 C9                              	LEAVE
   290 00000255 C3                              	RET
   291 00000256                                 	GLOBAL	_sheet_slide
   292 00000256                                 _sheet_slide:
   293 00000256 55                              	PUSH	EBP
   294 00000257 89 E5                           	MOV	EBP,ESP
   295 00000259 57                              	PUSH	EDI
   296 0000025A 56                              	PUSH	ESI
   297 0000025B 53                              	PUSH	EBX
   298 0000025C 53                              	PUSH	EBX
   299 0000025D 8B 5D 08                        	MOV	EBX,DWORD [8+EBP]
   300 00000260 8B 43 20                        	MOV	EAX,DWORD [32+EBX]
   301 00000263 8B 7B 0C                        	MOV	EDI,DWORD [12+EBX]
   302 00000266 89 45 F0                        	MOV	DWORD [-16+EBP],EAX
   303 00000269 8B 73 10                        	MOV	ESI,DWORD [16+EBX]
   304 0000026C 8B 45 0C                        	MOV	EAX,DWORD [12+EBP]
   305 0000026F 89 43 0C                        	MOV	DWORD [12+EBX],EAX
   306 00000272 8B 45 10                        	MOV	EAX,DWORD [16+EBP]
   307 00000275 89 43 10                        	MOV	DWORD [16+EBX],EAX
   308 00000278 83 7B 18 00                     	CMP	DWORD [24+EBX],0
   309 0000027C 78 7C                           	JS	L65
   310 0000027E 6A 00                           	PUSH	0
   311 00000280 89 F0                           	MOV	EAX,ESI
   312 00000282 03 43 08                        	ADD	EAX,DWORD [8+EBX]
   313 00000285 50                              	PUSH	EAX
   314 00000286 89 F8                           	MOV	EAX,EDI
   315 00000288 03 43 04                        	ADD	EAX,DWORD [4+EBX]
   316 0000028B 50                              	PUSH	EAX
   317 0000028C 56                              	PUSH	ESI
   318 0000028D 57                              	PUSH	EDI
   319 0000028E FF 75 F0                        	PUSH	DWORD [-16+EBP]
   320 00000291 E8 000001F2                     	CALL	_sheet_refreshmap
   321 00000296 8B 45 10                        	MOV	EAX,DWORD [16+EBP]
   322 00000299 FF 73 18                        	PUSH	DWORD [24+EBX]
   323 0000029C 03 43 08                        	ADD	EAX,DWORD [8+EBX]
   324 0000029F 50                              	PUSH	EAX
   325 000002A0 8B 45 0C                        	MOV	EAX,DWORD [12+EBP]
   326 000002A3 03 43 04                        	ADD	EAX,DWORD [4+EBX]
   327 000002A6 50                              	PUSH	EAX
   328 000002A7 FF 75 10                        	PUSH	DWORD [16+EBP]
   329 000002AA FF 75 0C                        	PUSH	DWORD [12+EBP]
   330 000002AD FF 75 F0                        	PUSH	DWORD [-16+EBP]
   331 000002B0 E8 000001D3                     	CALL	_sheet_refreshmap
   332 000002B5 8B 43 18                        	MOV	EAX,DWORD [24+EBX]
   333 000002B8 83 C4 30                        	ADD	ESP,48
   334 000002BB 48                              	DEC	EAX
   335 000002BC 50                              	PUSH	EAX
   336 000002BD 89 F0                           	MOV	EAX,ESI
   337 000002BF 6A 00                           	PUSH	0
   338 000002C1 03 43 08                        	ADD	EAX,DWORD [8+EBX]
   339 000002C4 50                              	PUSH	EAX
   340 000002C5 89 F8                           	MOV	EAX,EDI
   341 000002C7 03 43 04                        	ADD	EAX,DWORD [4+EBX]
   342 000002CA 50                              	PUSH	EAX
   343 000002CB 56                              	PUSH	ESI
   344 000002CC 57                              	PUSH	EDI
   345 000002CD FF 75 F0                        	PUSH	DWORD [-16+EBP]
   346 000002D0 E8 00000050                     	CALL	_sheet_refreshsub
   347 000002D5 8B 45 10                        	MOV	EAX,DWORD [16+EBP]
   348 000002D8 FF 73 18                        	PUSH	DWORD [24+EBX]
   349 000002DB FF 73 18                        	PUSH	DWORD [24+EBX]
   350 000002DE 03 43 08                        	ADD	EAX,DWORD [8+EBX]
   351 000002E1 50                              	PUSH	EAX
   352 000002E2 8B 45 0C                        	MOV	EAX,DWORD [12+EBP]
   353 000002E5 03 43 04                        	ADD	EAX,DWORD [4+EBX]
   354 000002E8 50                              	PUSH	EAX
   355 000002E9 FF 75 10                        	PUSH	DWORD [16+EBP]
   356 000002EC FF 75 0C                        	PUSH	DWORD [12+EBP]
   357 000002EF FF 75 F0                        	PUSH	DWORD [-16+EBP]
   358 000002F2 E8 0000002E                     	CALL	_sheet_refreshsub
   359 000002F7 83 C4 38                        	ADD	ESP,56
   360 000002FA                                 L65:
   361 000002FA 8D 65 F4                        	LEA	ESP,DWORD [-12+EBP]
   362 000002FD 5B                              	POP	EBX
   363 000002FE 5E                              	POP	ESI
   364 000002FF 5F                              	POP	EDI
   365 00000300 5D                              	POP	EBP
   366 00000301 C3                              	RET
   367 00000302                                 	GLOBAL	_sheet_free
   368 00000302                                 _sheet_free:
   369 00000302 55                              	PUSH	EBP
   370 00000303 89 E5                           	MOV	EBP,ESP
   371 00000305 53                              	PUSH	EBX
   372 00000306 8B 5D 08                        	MOV	EBX,DWORD [8+EBP]
   373 00000309 83 7B 18 00                     	CMP	DWORD [24+EBX],0
   374 0000030D 78 0A                           	JS	L68
   375 0000030F 6A FF                           	PUSH	-1
   376 00000311 53                              	PUSH	EBX
   377 00000312 E8 FFFFFDBF                     	CALL	_sheet_updown
   378 00000317 58                              	POP	EAX
   379 00000318 5A                              	POP	EDX
   380 00000319                                 L68:
   381 00000319 C7 43 1C 00000000               	MOV	DWORD [28+EBX],0
   382 00000320 8B 5D FC                        	MOV	EBX,DWORD [-4+EBP]
   383 00000323 C9                              	LEAVE
   384 00000324 C3                              	RET
   385 00000325                                 	GLOBAL	_sheet_refreshsub
   386 00000325                                 _sheet_refreshsub:
   387 00000325 55                              	PUSH	EBP
   388 00000326 89 E5                           	MOV	EBP,ESP
   389 00000328 57                              	PUSH	EDI
   390 00000329 56                              	PUSH	ESI
   391 0000032A 53                              	PUSH	EBX
   392 0000032B 83 EC 2C                        	SUB	ESP,44
   393 0000032E 8B 45 08                        	MOV	EAX,DWORD [8+EBP]
   394 00000331 8B 55 08                        	MOV	EDX,DWORD [8+EBP]
   395 00000334 83 7D 0C 00                     	CMP	DWORD [12+EBP],0
   396 00000338 8B 00                           	MOV	EAX,DWORD [EAX]
   397 0000033A 8B 52 04                        	MOV	EDX,DWORD [4+EDX]
   398 0000033D 89 45 DC                        	MOV	DWORD [-36+EBP],EAX
   399 00000340 89 55 D8                        	MOV	DWORD [-40+EBP],EDX
   400 00000343 0F 88 00000133                  	JS	L100
   401 00000349                                 L70:
   402 00000349 83 7D 10 00                     	CMP	DWORD [16+EBP],0
   403 0000034D 0F 88 0000011D                  	JS	L101
   404 00000353                                 L71:
   405 00000353 8B 75 08                        	MOV	ESI,DWORD [8+EBP]
   406 00000356 8B 46 08                        	MOV	EAX,DWORD [8+ESI]
   407 00000359 39 45 14                        	CMP	DWORD [20+EBP],EAX
   408 0000035C 7E 03                           	JLE	L72
   409 0000035E 89 45 14                        	MOV	DWORD [20+EBP],EAX
   410 00000361                                 L72:
   411 00000361 8B 7D 08                        	MOV	EDI,DWORD [8+EBP]
   412 00000364 8B 47 0C                        	MOV	EAX,DWORD [12+EDI]
   413 00000367 39 45 18                        	CMP	DWORD [24+EBP],EAX
   414 0000036A 7E 03                           	JLE	L73
   415 0000036C 89 45 18                        	MOV	DWORD [24+EBP],EAX
   416 0000036F                                 L73:
   417 0000036F 8B 45 1C                        	MOV	EAX,DWORD [28+EBP]
   418 00000372 8B 55 20                        	MOV	EDX,DWORD [32+EBP]
   419 00000375 89 45 F0                        	MOV	DWORD [-16+EBP],EAX
   420 00000378 39 D0                           	CMP	EAX,EDX
   421 0000037A 0F 8F 000000BC                  	JG	L95
   422 00000380                                 L93:
   423 00000380 8B 7D 08                        	MOV	EDI,DWORD [8+EBP]
   424 00000383 8B 75 F0                        	MOV	ESI,DWORD [-16+EBP]
   425 00000386 8B 4D 10                        	MOV	ECX,DWORD [16+EBP]
   426 00000389 8B 5C B7 14                     	MOV	EBX,DWORD [20+EDI+ESI*4]
   427 0000038D 8B 75 14                        	MOV	ESI,DWORD [20+EBP]
   428 00000390 8B 03                           	MOV	EAX,DWORD [EBX]
   429 00000392 8B 53 10                        	MOV	EDX,DWORD [16+EBX]
   430 00000395 89 45 E0                        	MOV	DWORD [-32+EBP],EAX
   431 00000398 29 D1                           	SUB	ECX,EDX
   432 0000039A 89 D8                           	MOV	EAX,EBX
   433 0000039C 29 F8                           	SUB	EAX,EDI
   434 0000039E 8B 7D 18                        	MOV	EDI,DWORD [24+EBP]
   435 000003A1 2D 00000414                     	SUB	EAX,1044
   436 000003A6 29 D7                           	SUB	EDI,EDX
   437 000003A8 C1 F8 02                        	SAR	EAX,2
   438 000003AB 8B 55 0C                        	MOV	EDX,DWORD [12+EBP]
   439 000003AE 69 C0 38E38E39                  	IMUL	EAX,EAX,954437177
   440 000003B4 88 45 D7                        	MOV	BYTE [-41+EBP],AL
   441 000003B7 89 7D C8                        	MOV	DWORD [-56+EBP],EDI
   442 000003BA 8B 43 0C                        	MOV	EAX,DWORD [12+EBX]
   443 000003BD 29 C6                           	SUB	ESI,EAX
   444 000003BF 29 C2                           	SUB	EDX,EAX
   445 000003C1 89 75 E4                        	MOV	DWORD [-28+EBP],ESI
   446 000003C4 89 55 E8                        	MOV	DWORD [-24+EBP],EDX
   447 000003C7 0F 88 00000097                  	JS	L102
   448 000003CD                                 L78:
   449 000003CD 85 C9                           	TEST	ECX,ECX
   450 000003CF 0F 88 00000088                  	JS	L103
   451 000003D5                                 L79:
   452 000003D5 8B 43 04                        	MOV	EAX,DWORD [4+EBX]
   453 000003D8 39 45 E4                        	CMP	DWORD [-28+EBP],EAX
   454 000003DB 7E 03                           	JLE	L80
   455 000003DD 89 45 E4                        	MOV	DWORD [-28+EBP],EAX
   456 000003E0                                 L80:
   457 000003E0 8B 43 08                        	MOV	EAX,DWORD [8+EBX]
   458 000003E3 39 45 C8                        	CMP	DWORD [-56+EBP],EAX
   459 000003E6 7E 03                           	JLE	L81
   460 000003E8 89 45 C8                        	MOV	DWORD [-56+EBP],EAX
   461 000003EB                                 L81:
   462 000003EB 89 CE                           	MOV	ESI,ECX
   463 000003ED 3B 4D C8                        	CMP	ECX,DWORD [-56+EBP]
   464 000003F0 7D 3B                           	JGE	L97
   465 000003F2                                 L92:
   466 000003F2 8B 7B 10                        	MOV	EDI,DWORD [16+EBX]
   467 000003F5 8B 4D E8                        	MOV	ECX,DWORD [-24+EBP]
   468 000003F8 01 F7                           	ADD	EDI,ESI
   469 000003FA 3B 4D E4                        	CMP	ECX,DWORD [-28+EBP]
   470 000003FD 89 7D EC                        	MOV	DWORD [-20+EBP],EDI
   471 00000400 7D 25                           	JGE	L99
   472 00000402                                 L91:
   473 00000402 8B 55 08                        	MOV	EDX,DWORD [8+EBP]
   474 00000405 8B 7D EC                        	MOV	EDI,DWORD [-20+EBP]
   475 00000408 8B 43 0C                        	MOV	EAX,DWORD [12+EBX]
   476 0000040B 0F AF 7A 08                     	IMUL	EDI,DWORD [8+EDX]
   477 0000040F 01 C8                           	ADD	EAX,ECX
   478 00000411 8A 55 D7                        	MOV	DL,BYTE [-41+EBP]
   479 00000414 01 F8                           	ADD	EAX,EDI
   480 00000416 8B 7D D8                        	MOV	EDI,DWORD [-40+EBP]
   481 00000419 89 45 CC                        	MOV	DWORD [-52+EBP],EAX
   482 0000041C 38 14 38                        	CMP	BYTE [EAX+EDI*1],DL
   483 0000041F 74 23                           	JE	L104
   484 00000421                                 L88:
   485 00000421 41                              	INC	ECX
   486 00000422 3B 4D E4                        	CMP	ECX,DWORD [-28+EBP]
   487 00000425 7C DB                           	JL	L91
   488 00000427                                 L99:
   489 00000427 46                              	INC	ESI
   490 00000428 3B 75 C8                        	CMP	ESI,DWORD [-56+EBP]
   491 0000042B 7C C5                           	JL	L92
   492 0000042D                                 L97:
   493 0000042D 8B 75 20                        	MOV	ESI,DWORD [32+EBP]
   494 00000430 FF 45 F0                        	INC	DWORD [-16+EBP]
   495 00000433 39 75 F0                        	CMP	DWORD [-16+EBP],ESI
   496 00000436 0F 8E FFFFFF44                  	JLE	L93
   497 0000043C                                 L95:
   498 0000043C 83 C4 2C                        	ADD	ESP,44
   499 0000043F 5B                              	POP	EBX
   500 00000440 5E                              	POP	ESI
   501 00000441 5F                              	POP	EDI
   502 00000442 5D                              	POP	EBP
   503 00000443 C3                              	RET
   504 00000444                                 L104:
   505 00000444 89 F0                           	MOV	EAX,ESI
   506 00000446 8B 55 E0                        	MOV	EDX,DWORD [-32+EBP]
   507 00000449 0F AF 43 04                     	IMUL	EAX,DWORD [4+EBX]
   508 0000044D 01 C8                           	ADD	EAX,ECX
   509 0000044F 8B 7D DC                        	MOV	EDI,DWORD [-36+EBP]
   510 00000452 8A 04 10                        	MOV	AL,BYTE [EAX+EDX*1]
   511 00000455 8B 55 CC                        	MOV	EDX,DWORD [-52+EBP]
   512 00000458 88 04 3A                        	MOV	BYTE [EDX+EDI*1],AL
   513 0000045B EB C4                           	JMP	L88
   514 0000045D                                 L103:
   515 0000045D 31 C9                           	XOR	ECX,ECX
   516 0000045F E9 FFFFFF71                     	JMP	L79
   517 00000464                                 L102:
   518 00000464 C7 45 E8 00000000               	MOV	DWORD [-24+EBP],0
   519 0000046B E9 FFFFFF5D                     	JMP	L78
   520 00000470                                 L101:
   521 00000470 C7 45 10 00000000               	MOV	DWORD [16+EBP],0
   522 00000477 E9 FFFFFED7                     	JMP	L71
   523 0000047C                                 L100:
   524 0000047C C7 45 0C 00000000               	MOV	DWORD [12+EBP],0
   525 00000483 E9 FFFFFEC1                     	JMP	L70
   526 00000488                                 	GLOBAL	_sheet_refreshmap
   527 00000488                                 _sheet_refreshmap:
   528 00000488 55                              	PUSH	EBP
   529 00000489 89 E5                           	MOV	EBP,ESP
   530 0000048B 57                              	PUSH	EDI
   531 0000048C 56                              	PUSH	ESI
   532 0000048D 53                              	PUSH	EBX
   533 0000048E 83 EC 28                        	SUB	ESP,40
   534 00000491 8B 45 08                        	MOV	EAX,DWORD [8+EBP]
   535 00000494 83 7D 0C 00                     	CMP	DWORD [12+EBP],0
   536 00000498 8B 40 04                        	MOV	EAX,DWORD [4+EAX]
   537 0000049B 89 45 D8                        	MOV	DWORD [-40+EBP],EAX
   538 0000049E 0F 88 00000135                  	JS	L136
   539 000004A4                                 L106:
   540 000004A4 83 7D 10 00                     	CMP	DWORD [16+EBP],0
   541 000004A8 0F 88 0000011F                  	JS	L137
   542 000004AE                                 L107:
   543 000004AE 8B 55 08                        	MOV	EDX,DWORD [8+EBP]
   544 000004B1 8B 42 08                        	MOV	EAX,DWORD [8+EDX]
   545 000004B4 39 45 14                        	CMP	DWORD [20+EBP],EAX
   546 000004B7 7E 03                           	JLE	L108
   547 000004B9 89 45 14                        	MOV	DWORD [20+EBP],EAX
   548 000004BC                                 L108:
   549 000004BC 8B 75 08                        	MOV	ESI,DWORD [8+EBP]
   550 000004BF 8B 46 0C                        	MOV	EAX,DWORD [12+ESI]
   551 000004C2 39 45 18                        	CMP	DWORD [24+EBP],EAX
   552 000004C5 7E 03                           	JLE	L109
   553 000004C7 89 45 18                        	MOV	DWORD [24+EBP],EAX
   554 000004CA                                 L109:
   555 000004CA 8B 45 08                        	MOV	EAX,DWORD [8+EBP]
   556 000004CD 8B 7D 1C                        	MOV	EDI,DWORD [28+EBP]
   557 000004D0 89 7D F0                        	MOV	DWORD [-16+EBP],EDI
   558 000004D3 3B 78 10                        	CMP	EDI,DWORD [16+EAX]
   559 000004D6 0F 8F 000000D6                  	JG	L131
   560 000004DC                                 L129:
   561 000004DC 8B 75 08                        	MOV	ESI,DWORD [8+EBP]
   562 000004DF 8B 55 F0                        	MOV	EDX,DWORD [-16+EBP]
   563 000004E2 8B 5D 10                        	MOV	EBX,DWORD [16+EBP]
   564 000004E5 8B 4C 96 14                     	MOV	ECX,DWORD [20+ESI+EDX*4]
   565 000004E9 89 C8                           	MOV	EAX,ECX
   566 000004EB 29 F0                           	SUB	EAX,ESI
   567 000004ED 8B 39                           	MOV	EDI,DWORD [ECX]
   568 000004EF 2D 00000414                     	SUB	EAX,1044
   569 000004F4 8B 51 10                        	MOV	EDX,DWORD [16+ECX]
   570 000004F7 C1 F8 02                        	SAR	EAX,2
   571 000004FA 89 7D E0                        	MOV	DWORD [-32+EBP],EDI
   572 000004FD 69 C0 38E38E39                  	IMUL	EAX,EAX,954437177
   573 00000503 8B 7D 18                        	MOV	EDI,DWORD [24+EBP]
   574 00000506 29 D3                           	SUB	EBX,EDX
   575 00000508 29 D7                           	SUB	EDI,EDX
   576 0000050A 88 45 DF                        	MOV	BYTE [-33+EBP],AL
   577 0000050D 8B 75 14                        	MOV	ESI,DWORD [20+EBP]
   578 00000510 8B 55 0C                        	MOV	EDX,DWORD [12+EBP]
   579 00000513 8B 41 0C                        	MOV	EAX,DWORD [12+ECX]
   580 00000516 89 7D D4                        	MOV	DWORD [-44+EBP],EDI
   581 00000519 29 C6                           	SUB	ESI,EAX
   582 0000051B 29 C2                           	SUB	EDX,EAX
   583 0000051D 89 75 CC                        	MOV	DWORD [-52+EBP],ESI
   584 00000520 89 55 E4                        	MOV	DWORD [-28+EBP],EDX
   585 00000523 0F 88 00000098                  	JS	L138
   586 00000529                                 L114:
   587 00000529 85 DB                           	TEST	EBX,EBX
   588 0000052B 0F 88 00000089                  	JS	L139
   589 00000531                                 L115:
   590 00000531 8B 41 04                        	MOV	EAX,DWORD [4+ECX]
   591 00000534 39 45 CC                        	CMP	DWORD [-52+EBP],EAX
   592 00000537 7E 03                           	JLE	L116
   593 00000539 89 45 CC                        	MOV	DWORD [-52+EBP],EAX
   594 0000053C                                 L116:
   595 0000053C 8B 41 08                        	MOV	EAX,DWORD [8+ECX]
   596 0000053F 39 45 D4                        	CMP	DWORD [-44+EBP],EAX
   597 00000542 7E 03                           	JLE	L117
   598 00000544 89 45 D4                        	MOV	DWORD [-44+EBP],EAX
   599 00000547                                 L117:
   600 00000547 3B 5D D4                        	CMP	EBX,DWORD [-44+EBP]
   601 0000054A 7D 54                           	JGE	L133
   602 0000054C                                 L128:
   603 0000054C 8B 71 10                        	MOV	ESI,DWORD [16+ECX]
   604 0000054F 8B 55 E4                        	MOV	EDX,DWORD [-28+EBP]
   605 00000552 01 DE                           	ADD	ESI,EBX
   606 00000554 3B 55 CC                        	CMP	EDX,DWORD [-52+EBP]
   607 00000557 89 75 E8                        	MOV	DWORD [-24+EBP],ESI
   608 0000055A 7D 3E                           	JGE	L135
   609 0000055C                                 L127:
   610 0000055C 89 D8                           	MOV	EAX,EBX
   611 0000055E 8B 79 0C                        	MOV	EDI,DWORD [12+ECX]
   612 00000561 0F AF 41 04                     	IMUL	EAX,DWORD [4+ECX]
   613 00000565 01 D7                           	ADD	EDI,EDX
   614 00000567 8B 75 E0                        	MOV	ESI,DWORD [-32+EBP]
   615 0000056A 01 D0                           	ADD	EAX,EDX
   616 0000056C 89 7D EC                        	MOV	DWORD [-20+EBP],EDI
   617 0000056F 0F B6 34 30                     	MOVZX	ESI,BYTE [EAX+ESI*1]
   618 00000573 3B 71 14                        	CMP	ESI,DWORD [20+ECX]
   619 00000576 74 1C                           	JE	L124
   620 00000578 8B 7D 08                        	MOV	EDI,DWORD [8+EBP]
   621 0000057B 8B 45 E8                        	MOV	EAX,DWORD [-24+EBP]
   622 0000057E 8B 75 D8                        	MOV	ESI,DWORD [-40+EBP]
   623 00000581 0F AF 47 08                     	IMUL	EAX,DWORD [8+EDI]
   624 00000585 03 45 EC                        	ADD	EAX,DWORD [-20+EBP]
   625 00000588 89 45 D0                        	MOV	DWORD [-48+EBP],EAX
   626 0000058B 8A 45 DF                        	MOV	AL,BYTE [-33+EBP]
   627 0000058E 8B 7D D0                        	MOV	EDI,DWORD [-48+EBP]
   628 00000591 88 04 37                        	MOV	BYTE [EDI+ESI*1],AL
   629 00000594                                 L124:
   630 00000594 42                              	INC	EDX
   631 00000595 3B 55 CC                        	CMP	EDX,DWORD [-52+EBP]
   632 00000598 7C C2                           	JL	L127
   633 0000059A                                 L135:
   634 0000059A 43                              	INC	EBX
   635 0000059B 3B 5D D4                        	CMP	EBX,DWORD [-44+EBP]
   636 0000059E 7C AC                           	JL	L128
   637 000005A0                                 L133:
   638 000005A0 8B 55 08                        	MOV	EDX,DWORD [8+EBP]
   639 000005A3 FF 45 F0                        	INC	DWORD [-16+EBP]
   640 000005A6 8B 45 F0                        	MOV	EAX,DWORD [-16+EBP]
   641 000005A9 3B 42 10                        	CMP	EAX,DWORD [16+EDX]
   642 000005AC 0F 8E FFFFFF2A                  	JLE	L129
   643 000005B2                                 L131:
   644 000005B2 83 C4 28                        	ADD	ESP,40
   645 000005B5 5B                              	POP	EBX
   646 000005B6 5E                              	POP	ESI
   647 000005B7 5F                              	POP	EDI
   648 000005B8 5D                              	POP	EBP
   649 000005B9 C3                              	RET
   650 000005BA                                 L139:
   651 000005BA 31 DB                           	XOR	EBX,EBX
   652 000005BC E9 FFFFFF70                     	JMP	L115
   653 000005C1                                 L138:
   654 000005C1 C7 45 E4 00000000               	MOV	DWORD [-28+EBP],0
   655 000005C8 E9 FFFFFF5C                     	JMP	L114
   656 000005CD                                 L137:
   657 000005CD C7 45 10 00000000               	MOV	DWORD [16+EBP],0
   658 000005D4 E9 FFFFFED5                     	JMP	L107
   659 000005D9                                 L136:
   660 000005D9 C7 45 0C 00000000               	MOV	DWORD [12+EBP],0
   661 000005E0 E9 FFFFFEBF                     	JMP	L106
