     1 00000000                                 [FORMAT "WCOFF"]
     2 00000000                                 [INSTRSET "i486p"]
     3 00000000                                 [OPTIMIZE 1]
     4 00000000                                 [OPTION 1]
     5 00000000                                 [BITS 32]
     6 00000000                                 	EXTERN	_table_rgb.0
     7 00000000                                 	EXTERN	_io_load_eflags
     8 00000000                                 	EXTERN	_io_cli
     9 00000000                                 	EXTERN	_io_out8
    10 00000000                                 	EXTERN	_io_store_eflags
    11 00000000                                 	EXTERN	_hankaku
    12 00000000                                 [FILE "graphic.c"]
    13                                          [SECTION .data]
    14 00000000                                 _table_rgb.0:
    15 00000000 00                              	DB	0
    16 00000001 00                              	DB	0
    17 00000002 00                              	DB	0
    18 00000003 FF                              	DB	-1
    19 00000004 00                              	DB	0
    20 00000005 00                              	DB	0
    21 00000006 00                              	DB	0
    22 00000007 FF                              	DB	-1
    23 00000008 00                              	DB	0
    24 00000009 FF                              	DB	-1
    25 0000000A FF                              	DB	-1
    26 0000000B 00                              	DB	0
    27 0000000C 00                              	DB	0
    28 0000000D 00                              	DB	0
    29 0000000E FF                              	DB	-1
    30 0000000F FF                              	DB	-1
    31 00000010 00                              	DB	0
    32 00000011 FF                              	DB	-1
    33 00000012 FF                              	DB	-1
    34 00000013 FF                              	DB	-1
    35 00000014 FF                              	DB	-1
    36 00000015 FF                              	DB	-1
    37 00000016 FF                              	DB	-1
    38 00000017 FF                              	DB	-1
    39 00000018 C6                              	DB	-58
    40 00000019 C6                              	DB	-58
    41 0000001A C6                              	DB	-58
    42 0000001B 84                              	DB	-124
    43 0000001C 00                              	DB	0
    44 0000001D 00                              	DB	0
    45 0000001E 00                              	DB	0
    46 0000001F 84                              	DB	-124
    47 00000020 00                              	DB	0
    48 00000021 84                              	DB	-124
    49 00000022 84                              	DB	-124
    50 00000023 00                              	DB	0
    51 00000024 00                              	DB	0
    52 00000025 00                              	DB	0
    53 00000026 84                              	DB	-124
    54 00000027 84                              	DB	-124
    55 00000028 00                              	DB	0
    56 00000029 84                              	DB	-124
    57 0000002A 00                              	DB	0
    58 0000002B 84                              	DB	-124
    59 0000002C 84                              	DB	-124
    60 0000002D 84                              	DB	-124
    61 0000002E 84                              	DB	-124
    62 0000002F 84                              	DB	-124
    63                                          [SECTION .text]
    64 00000000                                 	GLOBAL	_init_palette
    65 00000000                                 _init_palette:
    66 00000000 55                              	PUSH	EBP
    67 00000001 89 E5                           	MOV	EBP,ESP
    68 00000003 68 [00000000]                   	PUSH	_table_rgb.0
    69 00000008 6A 0F                           	PUSH	15
    70 0000000A 6A 00                           	PUSH	0
    71 0000000C E8 00000002                     	CALL	_set_palette
    72 00000011 C9                              	LEAVE
    73 00000012 C3                              	RET
    74 00000013                                 	GLOBAL	_set_palette
    75 00000013                                 _set_palette:
    76 00000013 55                              	PUSH	EBP
    77 00000014 89 E5                           	MOV	EBP,ESP
    78 00000016 57                              	PUSH	EDI
    79 00000017 56                              	PUSH	ESI
    80 00000018 53                              	PUSH	EBX
    81 00000019 51                              	PUSH	ECX
    82 0000001A 8B 5D 08                        	MOV	EBX,DWORD [8+EBP]
    83 0000001D 8B 7D 0C                        	MOV	EDI,DWORD [12+EBP]
    84 00000020 8B 75 10                        	MOV	ESI,DWORD [16+EBP]
    85 00000023 E8 [00000000]                   	CALL	_io_load_eflags
    86 00000028 89 45 F0                        	MOV	DWORD [-16+EBP],EAX
    87 0000002B E8 [00000000]                   	CALL	_io_cli
    88 00000030 53                              	PUSH	EBX
    89 00000031 68 000003C8                     	PUSH	968
    90 00000036 E8 [00000000]                   	CALL	_io_out8
    91 0000003B 85 FF                           	TEST	EDI,EDI
    92 0000003D 58                              	POP	EAX
    93 0000003E 5A                              	POP	EDX
    94 0000003F 78 47                           	JS	L9
    95 00000041 8D 5F 01                        	LEA	EBX,DWORD [1+EDI]
    96 00000044                                 L7:
    97 00000044 8A 06                           	MOV	AL,BYTE [ESI]
    98 00000046 C0 E8 02                        	SHR	AL,2
    99 00000049 0F B6 C0                        	MOVZX	EAX,AL
   100 0000004C 50                              	PUSH	EAX
   101 0000004D 68 000003C9                     	PUSH	969
   102 00000052 E8 [00000000]                   	CALL	_io_out8
   103 00000057 8A 46 01                        	MOV	AL,BYTE [1+ESI]
   104 0000005A C0 E8 02                        	SHR	AL,2
   105 0000005D 0F B6 C0                        	MOVZX	EAX,AL
   106 00000060 50                              	PUSH	EAX
   107 00000061 68 000003C9                     	PUSH	969
   108 00000066 E8 [00000000]                   	CALL	_io_out8
   109 0000006B 8A 46 02                        	MOV	AL,BYTE [2+ESI]
   110 0000006E C0 E8 02                        	SHR	AL,2
   111 00000071 83 C6 03                        	ADD	ESI,3
   112 00000074 0F B6 C0                        	MOVZX	EAX,AL
   113 00000077 50                              	PUSH	EAX
   114 00000078 68 000003C9                     	PUSH	969
   115 0000007D E8 [00000000]                   	CALL	_io_out8
   116 00000082 83 C4 18                        	ADD	ESP,24
   117 00000085 4B                              	DEC	EBX
   118 00000086 75 BC                           	JNE	L7
   119 00000088                                 L9:
   120 00000088 8B 45 F0                        	MOV	EAX,DWORD [-16+EBP]
   121 0000008B 89 45 08                        	MOV	DWORD [8+EBP],EAX
   122 0000008E 8D 65 F4                        	LEA	ESP,DWORD [-12+EBP]
   123 00000091 5B                              	POP	EBX
   124 00000092 5E                              	POP	ESI
   125 00000093 5F                              	POP	EDI
   126 00000094 5D                              	POP	EBP
   127 00000095 E9 [00000000]                   	JMP	_io_store_eflags
   128 0000009A                                 	GLOBAL	_boxfill8
   129 0000009A                                 _boxfill8:
   130 0000009A 55                              	PUSH	EBP
   131 0000009B 89 E5                           	MOV	EBP,ESP
   132 0000009D 57                              	PUSH	EDI
   133 0000009E 56                              	PUSH	ESI
   134 0000009F 53                              	PUSH	EBX
   135 000000A0 57                              	PUSH	EDI
   136 000000A1 57                              	PUSH	EDI
   137 000000A2 8A 45 10                        	MOV	AL,BYTE [16+EBP]
   138 000000A5 8B 4D 18                        	MOV	ECX,DWORD [24+EBP]
   139 000000A8 8B 7D 1C                        	MOV	EDI,DWORD [28+EBP]
   140 000000AB 88 45 F3                        	MOV	BYTE [-13+EBP],AL
   141 000000AE 3B 4D 20                        	CMP	ECX,DWORD [32+EBP]
   142 000000B1 7F 31                           	JG	L22
   143 000000B3 8B 5D 0C                        	MOV	EBX,DWORD [12+EBP]
   144 000000B6 0F AF D9                        	IMUL	EBX,ECX
   145 000000B9                                 L20:
   146 000000B9 8B 55 14                        	MOV	EDX,DWORD [20+EBP]
   147 000000BC 39 FA                           	CMP	EDX,EDI
   148 000000BE 7F 1B                           	JG	L24
   149 000000C0 8B 75 08                        	MOV	ESI,DWORD [8+EBP]
   150 000000C3 01 DE                           	ADD	ESI,EBX
   151 000000C5 01 D6                           	ADD	ESI,EDX
   152 000000C7 89 75 EC                        	MOV	DWORD [-20+EBP],ESI
   153 000000CA                                 L19:
   154 000000CA 8B 75 EC                        	MOV	ESI,DWORD [-20+EBP]
   155 000000CD 8A 45 F3                        	MOV	AL,BYTE [-13+EBP]
   156 000000D0 42                              	INC	EDX
   157 000000D1 88 06                           	MOV	BYTE [ESI],AL
   158 000000D3 46                              	INC	ESI
   159 000000D4 89 75 EC                        	MOV	DWORD [-20+EBP],ESI
   160 000000D7 39 FA                           	CMP	EDX,EDI
   161 000000D9 7E EF                           	JLE	L19
   162 000000DB                                 L24:
   163 000000DB 41                              	INC	ECX
   164 000000DC 03 5D 0C                        	ADD	EBX,DWORD [12+EBP]
   165 000000DF 3B 4D 20                        	CMP	ECX,DWORD [32+EBP]
   166 000000E2 7E D5                           	JLE	L20
   167 000000E4                                 L22:
   168 000000E4 5B                              	POP	EBX
   169 000000E5 5E                              	POP	ESI
   170 000000E6 5B                              	POP	EBX
   171 000000E7 5E                              	POP	ESI
   172 000000E8 5F                              	POP	EDI
   173 000000E9 5D                              	POP	EBP
   174 000000EA C3                              	RET
   175 000000EB                                 	GLOBAL	_init_screen
   176 000000EB                                 _init_screen:
   177 000000EB 55                              	PUSH	EBP
   178 000000EC 89 E5                           	MOV	EBP,ESP
   179 000000EE 57                              	PUSH	EDI
   180 000000EF 56                              	PUSH	ESI
   181 000000F0 53                              	PUSH	EBX
   182 000000F1 83 EC 0C                        	SUB	ESP,12
   183 000000F4 8B 45 10                        	MOV	EAX,DWORD [16+EBP]
   184 000000F7 8B 7D 0C                        	MOV	EDI,DWORD [12+EBP]
   185 000000FA 83 E8 1D                        	SUB	EAX,29
   186 000000FD 4F                              	DEC	EDI
   187 000000FE 50                              	PUSH	EAX
   188 000000FF 57                              	PUSH	EDI
   189 00000100 6A 00                           	PUSH	0
   190 00000102 6A 00                           	PUSH	0
   191 00000104 6A 0E                           	PUSH	14
   192 00000106 FF 75 0C                        	PUSH	DWORD [12+EBP]
   193 00000109 FF 75 08                        	PUSH	DWORD [8+EBP]
   194 0000010C E8 FFFFFF89                     	CALL	_boxfill8
   195 00000111 8B 45 10                        	MOV	EAX,DWORD [16+EBP]
   196 00000114 83 E8 1C                        	SUB	EAX,28
   197 00000117 50                              	PUSH	EAX
   198 00000118 57                              	PUSH	EDI
   199 00000119 50                              	PUSH	EAX
   200 0000011A 6A 00                           	PUSH	0
   201 0000011C 6A 08                           	PUSH	8
   202 0000011E FF 75 0C                        	PUSH	DWORD [12+EBP]
   203 00000121 FF 75 08                        	PUSH	DWORD [8+EBP]
   204 00000124 E8 FFFFFF71                     	CALL	_boxfill8
   205 00000129 8B 45 10                        	MOV	EAX,DWORD [16+EBP]
   206 0000012C 83 C4 38                        	ADD	ESP,56
   207 0000012F 83 E8 1B                        	SUB	EAX,27
   208 00000132 50                              	PUSH	EAX
   209 00000133 57                              	PUSH	EDI
   210 00000134 50                              	PUSH	EAX
   211 00000135 6A 00                           	PUSH	0
   212 00000137 6A 07                           	PUSH	7
   213 00000139 FF 75 0C                        	PUSH	DWORD [12+EBP]
   214 0000013C FF 75 08                        	PUSH	DWORD [8+EBP]
   215 0000013F E8 FFFFFF56                     	CALL	_boxfill8
   216 00000144 8B 45 10                        	MOV	EAX,DWORD [16+EBP]
   217 00000147 48                              	DEC	EAX
   218 00000148 50                              	PUSH	EAX
   219 00000149 8B 45 10                        	MOV	EAX,DWORD [16+EBP]
   220 0000014C 57                              	PUSH	EDI
   221 0000014D 83 E8 1A                        	SUB	EAX,26
   222 00000150 50                              	PUSH	EAX
   223 00000151 6A 00                           	PUSH	0
   224 00000153 6A 08                           	PUSH	8
   225 00000155 FF 75 0C                        	PUSH	DWORD [12+EBP]
   226 00000158 FF 75 08                        	PUSH	DWORD [8+EBP]
   227 0000015B E8 FFFFFF3A                     	CALL	_boxfill8
   228 00000160 8B 75 10                        	MOV	ESI,DWORD [16+EBP]
   229 00000163 83 C4 38                        	ADD	ESP,56
   230 00000166 83 EE 18                        	SUB	ESI,24
   231 00000169 56                              	PUSH	ESI
   232 0000016A 6A 3B                           	PUSH	59
   233 0000016C 56                              	PUSH	ESI
   234 0000016D 6A 03                           	PUSH	3
   235 0000016F 6A 07                           	PUSH	7
   236 00000171 FF 75 0C                        	PUSH	DWORD [12+EBP]
   237 00000174 FF 75 08                        	PUSH	DWORD [8+EBP]
   238 00000177 E8 FFFFFF1E                     	CALL	_boxfill8
   239 0000017C 8B 45 10                        	MOV	EAX,DWORD [16+EBP]
   240 0000017F 83 E8 04                        	SUB	EAX,4
   241 00000182 50                              	PUSH	EAX
   242 00000183 89 45 F0                        	MOV	DWORD [-16+EBP],EAX
   243 00000186 6A 02                           	PUSH	2
   244 00000188 56                              	PUSH	ESI
   245 00000189 6A 02                           	PUSH	2
   246 0000018B 6A 07                           	PUSH	7
   247 0000018D FF 75 0C                        	PUSH	DWORD [12+EBP]
   248 00000190 FF 75 08                        	PUSH	DWORD [8+EBP]
   249 00000193 E8 FFFFFF02                     	CALL	_boxfill8
   250 00000198 83 C4 38                        	ADD	ESP,56
   251 0000019B FF 75 F0                        	PUSH	DWORD [-16+EBP]
   252 0000019E 6A 3B                           	PUSH	59
   253 000001A0 FF 75 F0                        	PUSH	DWORD [-16+EBP]
   254 000001A3 6A 03                           	PUSH	3
   255 000001A5 6A 0F                           	PUSH	15
   256 000001A7 FF 75 0C                        	PUSH	DWORD [12+EBP]
   257 000001AA FF 75 08                        	PUSH	DWORD [8+EBP]
   258 000001AD E8 FFFFFEE8                     	CALL	_boxfill8
   259 000001B2 8B 45 10                        	MOV	EAX,DWORD [16+EBP]
   260 000001B5 83 E8 05                        	SUB	EAX,5
   261 000001B8 50                              	PUSH	EAX
   262 000001B9 8B 45 10                        	MOV	EAX,DWORD [16+EBP]
   263 000001BC 6A 3B                           	PUSH	59
   264 000001BE 83 E8 17                        	SUB	EAX,23
   265 000001C1 50                              	PUSH	EAX
   266 000001C2 89 45 EC                        	MOV	DWORD [-20+EBP],EAX
   267 000001C5 6A 3B                           	PUSH	59
   268 000001C7 6A 0F                           	PUSH	15
   269 000001C9 FF 75 0C                        	PUSH	DWORD [12+EBP]
   270 000001CC FF 75 08                        	PUSH	DWORD [8+EBP]
   271 000001CF E8 FFFFFEC6                     	CALL	_boxfill8
   272 000001D4 8B 45 10                        	MOV	EAX,DWORD [16+EBP]
   273 000001D7 83 C4 38                        	ADD	ESP,56
   274 000001DA 83 E8 03                        	SUB	EAX,3
   275 000001DD 89 45 E8                        	MOV	DWORD [-24+EBP],EAX
   276 000001E0 50                              	PUSH	EAX
   277 000001E1 6A 3B                           	PUSH	59
   278 000001E3 50                              	PUSH	EAX
   279 000001E4 6A 02                           	PUSH	2
   280 000001E6 6A 00                           	PUSH	0
   281 000001E8 FF 75 0C                        	PUSH	DWORD [12+EBP]
   282 000001EB FF 75 08                        	PUSH	DWORD [8+EBP]
   283 000001EE E8 FFFFFEA7                     	CALL	_boxfill8
   284 000001F3 FF 75 E8                        	PUSH	DWORD [-24+EBP]
   285 000001F6 6A 3C                           	PUSH	60
   286 000001F8 56                              	PUSH	ESI
   287 000001F9 6A 3C                           	PUSH	60
   288 000001FB 6A 00                           	PUSH	0
   289 000001FD FF 75 0C                        	PUSH	DWORD [12+EBP]
   290 00000200 FF 75 08                        	PUSH	DWORD [8+EBP]
   291 00000203 E8 FFFFFE92                     	CALL	_boxfill8
   292 00000208 8B 7D 0C                        	MOV	EDI,DWORD [12+EBP]
   293 0000020B 83 C4 38                        	ADD	ESP,56
   294 0000020E 8B 5D 0C                        	MOV	EBX,DWORD [12+EBP]
   295 00000211 83 EB 04                        	SUB	EBX,4
   296 00000214 83 EF 2F                        	SUB	EDI,47
   297 00000217 56                              	PUSH	ESI
   298 00000218 53                              	PUSH	EBX
   299 00000219 56                              	PUSH	ESI
   300 0000021A 57                              	PUSH	EDI
   301 0000021B 6A 0F                           	PUSH	15
   302 0000021D FF 75 0C                        	PUSH	DWORD [12+EBP]
   303 00000220 FF 75 08                        	PUSH	DWORD [8+EBP]
   304 00000223 E8 FFFFFE72                     	CALL	_boxfill8
   305 00000228 FF 75 F0                        	PUSH	DWORD [-16+EBP]
   306 0000022B 57                              	PUSH	EDI
   307 0000022C FF 75 EC                        	PUSH	DWORD [-20+EBP]
   308 0000022F 57                              	PUSH	EDI
   309 00000230 6A 0F                           	PUSH	15
   310 00000232 FF 75 0C                        	PUSH	DWORD [12+EBP]
   311 00000235 FF 75 08                        	PUSH	DWORD [8+EBP]
   312 00000238 E8 FFFFFE5D                     	CALL	_boxfill8
   313 0000023D 83 C4 38                        	ADD	ESP,56
   314 00000240 FF 75 E8                        	PUSH	DWORD [-24+EBP]
   315 00000243 53                              	PUSH	EBX
   316 00000244 FF 75 E8                        	PUSH	DWORD [-24+EBP]
   317 00000247 57                              	PUSH	EDI
   318 00000248 6A 07                           	PUSH	7
   319 0000024A FF 75 0C                        	PUSH	DWORD [12+EBP]
   320 0000024D FF 75 08                        	PUSH	DWORD [8+EBP]
   321 00000250 E8 FFFFFE45                     	CALL	_boxfill8
   322 00000255 8B 45 0C                        	MOV	EAX,DWORD [12+EBP]
   323 00000258 FF 75 E8                        	PUSH	DWORD [-24+EBP]
   324 0000025B 83 E8 03                        	SUB	EAX,3
   325 0000025E 50                              	PUSH	EAX
   326 0000025F 56                              	PUSH	ESI
   327 00000260 50                              	PUSH	EAX
   328 00000261 6A 07                           	PUSH	7
   329 00000263 FF 75 0C                        	PUSH	DWORD [12+EBP]
   330 00000266 FF 75 08                        	PUSH	DWORD [8+EBP]
   331 00000269 E8 FFFFFE2C                     	CALL	_boxfill8
   332 0000026E 8D 65 F4                        	LEA	ESP,DWORD [-12+EBP]
   333 00000271 5B                              	POP	EBX
   334 00000272 5E                              	POP	ESI
   335 00000273 5F                              	POP	EDI
   336 00000274 5D                              	POP	EBP
   337 00000275 C3                              	RET
   338 00000276                                 	GLOBAL	_putfont8
   339 00000276                                 _putfont8:
   340 00000276 55                              	PUSH	EBP
   341 00000277 89 E5                           	MOV	EBP,ESP
   342 00000279 57                              	PUSH	EDI
   343 0000027A 56                              	PUSH	ESI
   344 0000027B 31 F6                           	XOR	ESI,ESI
   345 0000027D 53                              	PUSH	EBX
   346 0000027E 8B 7D 1C                        	MOV	EDI,DWORD [28+EBP]
   347 00000281 8A 5D 18                        	MOV	BL,BYTE [24+EBP]
   348 00000284                                 L39:
   349 00000284 8B 45 14                        	MOV	EAX,DWORD [20+EBP]
   350 00000287 8B 55 10                        	MOV	EDX,DWORD [16+EBP]
   351 0000028A 01 F0                           	ADD	EAX,ESI
   352 0000028C 0F AF 45 0C                     	IMUL	EAX,DWORD [12+EBP]
   353 00000290 03 45 08                        	ADD	EAX,DWORD [8+EBP]
   354 00000293 8D 0C 02                        	LEA	ECX,DWORD [EDX+EAX*1]
   355 00000296 8A 14 3E                        	MOV	DL,BYTE [ESI+EDI*1]
   356 00000299 84 D2                           	TEST	DL,DL
   357 0000029B 79 02                           	JNS	L31
   358 0000029D 88 19                           	MOV	BYTE [ECX],BL
   359 0000029F                                 L31:
   360 0000029F 88 D0                           	MOV	AL,DL
   361 000002A1 83 E0 40                        	AND	EAX,64
   362 000002A4 84 C0                           	TEST	AL,AL
   363 000002A6 74 03                           	JE	L32
   364 000002A8 88 59 01                        	MOV	BYTE [1+ECX],BL
   365 000002AB                                 L32:
   366 000002AB 88 D0                           	MOV	AL,DL
   367 000002AD 83 E0 20                        	AND	EAX,32
   368 000002B0 84 C0                           	TEST	AL,AL
   369 000002B2 74 03                           	JE	L33
   370 000002B4 88 59 02                        	MOV	BYTE [2+ECX],BL
   371 000002B7                                 L33:
   372 000002B7 88 D0                           	MOV	AL,DL
   373 000002B9 83 E0 10                        	AND	EAX,16
   374 000002BC 84 C0                           	TEST	AL,AL
   375 000002BE 74 03                           	JE	L34
   376 000002C0 88 59 03                        	MOV	BYTE [3+ECX],BL
   377 000002C3                                 L34:
   378 000002C3 88 D0                           	MOV	AL,DL
   379 000002C5 83 E0 08                        	AND	EAX,8
   380 000002C8 84 C0                           	TEST	AL,AL
   381 000002CA 74 03                           	JE	L35
   382 000002CC 88 59 04                        	MOV	BYTE [4+ECX],BL
   383 000002CF                                 L35:
   384 000002CF 88 D0                           	MOV	AL,DL
   385 000002D1 83 E0 04                        	AND	EAX,4
   386 000002D4 84 C0                           	TEST	AL,AL
   387 000002D6 74 03                           	JE	L36
   388 000002D8 88 59 05                        	MOV	BYTE [5+ECX],BL
   389 000002DB                                 L36:
   390 000002DB 88 D0                           	MOV	AL,DL
   391 000002DD 83 E0 02                        	AND	EAX,2
   392 000002E0 84 C0                           	TEST	AL,AL
   393 000002E2 74 03                           	JE	L37
   394 000002E4 88 59 06                        	MOV	BYTE [6+ECX],BL
   395 000002E7                                 L37:
   396 000002E7 83 E2 01                        	AND	EDX,1
   397 000002EA 84 D2                           	TEST	DL,DL
   398 000002EC 74 03                           	JE	L29
   399 000002EE 88 59 07                        	MOV	BYTE [7+ECX],BL
   400 000002F1                                 L29:
   401 000002F1 46                              	INC	ESI
   402 000002F2 83 FE 0F                        	CMP	ESI,15
   403 000002F5 7E 8D                           	JLE	L39
   404 000002F7 5B                              	POP	EBX
   405 000002F8 5E                              	POP	ESI
   406 000002F9 5F                              	POP	EDI
   407 000002FA 5D                              	POP	EBP
   408 000002FB C3                              	RET
   409 000002FC                                 	GLOBAL	_putfont8_asc
   410 000002FC                                 _putfont8_asc:
   411 000002FC 55                              	PUSH	EBP
   412 000002FD 89 E5                           	MOV	EBP,ESP
   413 000002FF 57                              	PUSH	EDI
   414 00000300 56                              	PUSH	ESI
   415 00000301 53                              	PUSH	EBX
   416 00000302 50                              	PUSH	EAX
   417 00000303 8B 5D 1C                        	MOV	EBX,DWORD [28+EBP]
   418 00000306 8A 45 18                        	MOV	AL,BYTE [24+EBP]
   419 00000309 88 45 F3                        	MOV	BYTE [-13+EBP],AL
   420 0000030C 8B 75 10                        	MOV	ESI,DWORD [16+EBP]
   421 0000030F 8B 7D 14                        	MOV	EDI,DWORD [20+EBP]
   422 00000312 80 3B 00                        	CMP	BYTE [EBX],0
   423 00000315 75 08                           	JNE	L47
   424 00000317                                 L49:
   425 00000317 8D 65 F4                        	LEA	ESP,DWORD [-12+EBP]
   426 0000031A 5B                              	POP	EBX
   427 0000031B 5E                              	POP	ESI
   428 0000031C 5F                              	POP	EDI
   429 0000031D 5D                              	POP	EBP
   430 0000031E C3                              	RET
   431 0000031F                                 L47:
   432 0000031F 0F B6 03                        	MOVZX	EAX,BYTE [EBX]
   433 00000322 C1 E0 04                        	SAL	EAX,4
   434 00000325 43                              	INC	EBX
   435 00000326 05 [00000000]                   	ADD	EAX,_hankaku
   436 0000032B 50                              	PUSH	EAX
   437 0000032C 0F BE 45 F3                     	MOVSX	EAX,BYTE [-13+EBP]
   438 00000330 50                              	PUSH	EAX
   439 00000331 57                              	PUSH	EDI
   440 00000332 56                              	PUSH	ESI
   441 00000333 83 C6 08                        	ADD	ESI,8
   442 00000336 FF 75 0C                        	PUSH	DWORD [12+EBP]
   443 00000339 FF 75 08                        	PUSH	DWORD [8+EBP]
   444 0000033C E8 FFFFFF35                     	CALL	_putfont8
   445 00000341 83 C4 18                        	ADD	ESP,24
   446 00000344 80 3B 00                        	CMP	BYTE [EBX],0
   447 00000347 75 D6                           	JNE	L47
   448 00000349 EB CC                           	JMP	L49
   449                                          [SECTION .data]
   450 00000030                                 _cursor.1:
   451 00000030 2A 2A 2A 2A 2A 2A 2A 2A 2A 2A   	DB	"**************.."
       0000003A 2A 2A 2A 2A 2E 2E 
   452 00000040 2A 4F 4F 4F 4F 4F 4F 4F 4F 4F   	DB	"*OOOOOOOOOOO*..."
       0000004A 4F 4F 2A 2E 2E 2E 
   453 00000050 2A 4F 4F 4F 4F 4F 4F 4F 4F 4F   	DB	"*OOOOOOOOOO*...."
       0000005A 4F 2A 2E 2E 2E 2E 
   454 00000060 2A 4F 4F 4F 4F 4F 4F 4F 4F 4F   	DB	"*OOOOOOOOO*....."
       0000006A 2A 2E 2E 2E 2E 2E 
   455 00000070 2A 4F 4F 4F 4F 4F 4F 4F 4F 2A   	DB	"*OOOOOOOO*......"
       0000007A 2E 2E 2E 2E 2E 2E 
   456 00000080 2A 4F 4F 4F 4F 4F 4F 4F 2A 2E   	DB	"*OOOOOOO*......."
       0000008A 2E 2E 2E 2E 2E 2E 
   457 00000090 2A 4F 4F 4F 4F 4F 4F 4F 2A 2E   	DB	"*OOOOOOO*......."
       0000009A 2E 2E 2E 2E 2E 2E 
   458 000000A0 2A 4F 4F 4F 4F 4F 4F 4F 4F 2A   	DB	"*OOOOOOOO*......"
       000000AA 2E 2E 2E 2E 2E 2E 
   459 000000B0 2A 4F 4F 4F 4F 2A 2A 4F 4F 4F   	DB	"*OOOO**OOO*....."
       000000BA 2A 2E 2E 2E 2E 2E 
   460 000000C0 2A 4F 4F 4F 2A 2E 2E 2A 4F 4F   	DB	"*OOO*..*OOO*...."
       000000CA 4F 2A 2E 2E 2E 2E 
   461 000000D0 2A 4F 4F 2A 2E 2E 2E 2E 2A 4F   	DB	"*OO*....*OOO*..."
       000000DA 4F 4F 2A 2E 2E 2E 
   462 000000E0 2A 4F 2A 2E 2E 2E 2E 2E 2E 2A   	DB	"*O*......*OOO*.."
       000000EA 4F 4F 4F 2A 2E 2E 
   463 000000F0 2A 2A 2E 2E 2E 2E 2E 2E 2E 2E   	DB	"**........*OOO*."
       000000FA 2A 4F 4F 4F 2A 2E 
   464 00000100 2A 2E 2E 2E 2E 2E 2E 2E 2E 2E   	DB	"*..........*OOO*"
       0000010A 2E 2A 4F 4F 4F 2A 
   465 00000110 2E 2E 2E 2E 2E 2E 2E 2E 2E 2E   	DB	"............*OO*"
       0000011A 2E 2E 2A 4F 4F 2A 
   466 00000120 2E 2E 2E 2E 2E 2E 2E 2E 2E 2E   	DB	".............***"
       0000012A 2E 2E 2E 2A 2A 2A 
   467                                          [SECTION .text]
   468 0000034B                                 	GLOBAL	_init_mouse_cursor8
   469 0000034B                                 _init_mouse_cursor8:
   470 0000034B 55                              	PUSH	EBP
   471 0000034C 89 E5                           	MOV	EBP,ESP
   472 0000034E 57                              	PUSH	EDI
   473 0000034F 56                              	PUSH	ESI
   474 00000350 31 FF                           	XOR	EDI,EDI
   475 00000352 53                              	PUSH	EBX
   476 00000353 31 DB                           	XOR	EBX,EBX
   477 00000355 50                              	PUSH	EAX
   478 00000356 8A 45 0C                        	MOV	AL,BYTE [12+EBP]
   479 00000359 8B 75 08                        	MOV	ESI,DWORD [8+EBP]
   480 0000035C 88 45 F3                        	MOV	BYTE [-13+EBP],AL
   481 0000035F                                 L63:
   482 0000035F 31 D2                           	XOR	EDX,EDX
   483 00000361                                 L62:
   484 00000361 8D 04 3A                        	LEA	EAX,DWORD [EDX+EDI*1]
   485 00000364 80 B8 [00000030] 2A             	CMP	BYTE [_cursor.1+EAX],42
   486 0000036B 74 35                           	JE	L68
   487 0000036D                                 L59:
   488 0000036D 80 B8 [00000030] 4F             	CMP	BYTE [_cursor.1+EAX],79
   489 00000374 74 26                           	JE	L69
   490 00000376                                 L60:
   491 00000376 80 B8 [00000030] 2E             	CMP	BYTE [_cursor.1+EAX],46
   492 0000037D 74 15                           	JE	L70
   493 0000037F                                 L57:
   494 0000037F 42                              	INC	EDX
   495 00000380 83 FA 0F                        	CMP	EDX,15
   496 00000383 7E DC                           	JLE	L62
   497 00000385 43                              	INC	EBX
   498 00000386 83 C7 10                        	ADD	EDI,16
   499 00000389 83 FB 0F                        	CMP	EBX,15
   500 0000038C 7E D1                           	JLE	L63
   501 0000038E 58                              	POP	EAX
   502 0000038F 5B                              	POP	EBX
   503 00000390 5E                              	POP	ESI
   504 00000391 5F                              	POP	EDI
   505 00000392 5D                              	POP	EBP
   506 00000393 C3                              	RET
   507 00000394                                 L70:
   508 00000394 8A 4D F3                        	MOV	CL,BYTE [-13+EBP]
   509 00000397 88 0C 30                        	MOV	BYTE [EAX+ESI*1],CL
   510 0000039A EB E3                           	JMP	L57
   511 0000039C                                 L69:
   512 0000039C C6 04 30 07                     	MOV	BYTE [EAX+ESI*1],7
   513 000003A0 EB D4                           	JMP	L60
   514 000003A2                                 L68:
   515 000003A2 C6 04 30 00                     	MOV	BYTE [EAX+ESI*1],0
   516 000003A6 EB C5                           	JMP	L59
   517 000003A8                                 	GLOBAL	_putblock8_8
   518 000003A8                                 _putblock8_8:
   519 000003A8 55                              	PUSH	EBP
   520 000003A9 89 E5                           	MOV	EBP,ESP
   521 000003AB 57                              	PUSH	EDI
   522 000003AC 56                              	PUSH	ESI
   523 000003AD 31 F6                           	XOR	ESI,ESI
   524 000003AF 53                              	PUSH	EBX
   525 000003B0 83 EC 0C                        	SUB	ESP,12
   526 000003B3 3B 75 14                        	CMP	ESI,DWORD [20+EBP]
   527 000003B6 7D 3E                           	JGE	L83
   528 000003B8 31 FF                           	XOR	EDI,EDI
   529 000003BA                                 L81:
   530 000003BA 31 DB                           	XOR	EBX,EBX
   531 000003BC 3B 5D 10                        	CMP	EBX,DWORD [16+EBP]
   532 000003BF 7D 2C                           	JGE	L85
   533 000003C1 8B 45 20                        	MOV	EAX,DWORD [32+EBP]
   534 000003C4 01 F8                           	ADD	EAX,EDI
   535 000003C6 89 45 EC                        	MOV	DWORD [-20+EBP],EAX
   536 000003C9                                 L80:
   537 000003C9 8B 45 1C                        	MOV	EAX,DWORD [28+EBP]
   538 000003CC 8B 55 18                        	MOV	EDX,DWORD [24+EBP]
   539 000003CF 01 F0                           	ADD	EAX,ESI
   540 000003D1 01 DA                           	ADD	EDX,EBX
   541 000003D3 0F AF 45 0C                     	IMUL	EAX,DWORD [12+EBP]
   542 000003D7 01 D0                           	ADD	EAX,EDX
   543 000003D9 8B 4D 08                        	MOV	ECX,DWORD [8+EBP]
   544 000003DC 8B 55 EC                        	MOV	EDX,DWORD [-20+EBP]
   545 000003DF 43                              	INC	EBX
   546 000003E0 8A 12                           	MOV	DL,BYTE [EDX]
   547 000003E2 88 14 08                        	MOV	BYTE [EAX+ECX*1],DL
   548 000003E5 FF 45 EC                        	INC	DWORD [-20+EBP]
   549 000003E8 3B 5D 10                        	CMP	EBX,DWORD [16+EBP]
   550 000003EB 7C DC                           	JL	L80
   551 000003ED                                 L85:
   552 000003ED 46                              	INC	ESI
   553 000003EE 03 7D 24                        	ADD	EDI,DWORD [36+EBP]
   554 000003F1 3B 75 14                        	CMP	ESI,DWORD [20+EBP]
   555 000003F4 7C C4                           	JL	L81
   556 000003F6                                 L83:
   557 000003F6 83 C4 0C                        	ADD	ESP,12
   558 000003F9 5B                              	POP	EBX
   559 000003FA 5E                              	POP	ESI
   560 000003FB 5F                              	POP	EDI
   561 000003FC 5D                              	POP	EBP
   562 000003FD C3                              	RET
