     1 00000000                                 [FORMAT "WCOFF"]    ;制作目标文件的模式
     2 00000000                                 [INSTRSET "i486p"]  ;说明使用486指令
     3 00000000                                 [BITS 32]   ;制作32位模式用的机械语言
     4 00000000                                 
     5 00000000                                 ;制作目标文件的信息
     6 00000000                                 [FILE "naskfunc.nas"]   ;源文件名信息
     7 00000000                                     ;GLOBAL _io_hlt,_write_mem8      ;程序中包含的函数名
     8 00000000                                     GLOBAL _io_hlt,_io_cli,_io_sti,_io_stihlt
     9 00000000                                     GLOBAL _io_in8,_io_in16,_io_in32
    10 00000000                                     GLOBAL _io_out8,_io_out16,_io_out32
    11 00000000                                     GLOBAL _io_load_eflags,_io_store_eflags
    12 00000000                                     GLOBAL _load_gdtr,_load_idtr
    13 00000000                                     GLOBAL _asm_inthandler21,_asm_inthandler27,_asm_inthandler2c
    14 00000000                                     EXTERN _inthandler21,_inthandler27,_inthandler2c
    15 00000000                                 
    16 00000000                                 ;实际的函数
    17                                          [SECTION .text]         ;目标文件中写了这些之后再写程序
    18 00000000                                 _io_hlt:                ;void io_hlt(void);
    19 00000000 F4                                  HLT
    20 00000001 C3                                  RET
    21 00000002                                 
    22 00000002                                 ;_write_mem8:            ;void write_mem8(int addr, int data);
    23 00000002                                 ;    MOV ECX,[ESP+4]     ;[ESP+4]中存放的时地址,将其读入ECX
    24 00000002                                 ;    MOV AL,[ESP+8]      ;[ESP+8]中存放的是数据.将其读入AL
    25 00000002                                 ;    MOV [ECX],AL
    26 00000002                                 ;    RET
    27 00000002                                 
    28 00000002                                 _io_cli:                 ;void io_cli(void);
    29 00000002 FA                                  CLI
    30 00000003 C3                                  RET
    31 00000004                                 
    32 00000004                                 _io_sti:                 ;void io_sti(void);
    33 00000004 FB                                  STI
    34 00000005 C3                                  RET
    35 00000006                                 
    36 00000006                                 _io_stihlt:              ;void io_stihlt(void);
    37 00000006 FB                                  STI
    38 00000007 F4                                  HLT
    39 00000008 C3                                  RET
    40 00000009                                 
    41 00000009                                 _io_in8:                ;int io_in8(int port);
    42 00000009 8B 54 24 04                         MOV EDX,[ESP+4]     ;port
    43 0000000D B8 00000000                         MOV EAX,0
    44 00000012 EC                                  IN AL,DX
    45 00000013 C3                                  RET
    46 00000014                                 
    47 00000014                                 _io_in16:               ;int io_in16(int port);
    48 00000014 8B 54 24 04                         MOV EDX,[ESP+4]     ;port
    49 00000018 B8 00000000                         MOV EAX,0
    50 0000001D 66 ED                               IN AX,DX
    51 0000001F                                 
    52 0000001F                                 _io_in32:               ;int io_in32(int port);
    53 0000001F 8B 54 24 04                         MOV EDX,[ESP+4]     ;port
    54 00000023 ED                                  IN EAX,DX
    55 00000024 C3                                  RET
    56 00000025                                 
    57 00000025                                 _io_out8:               ;void io_out8(int port,int data);
    58 00000025 8B 54 24 04                         MOV EDX,[ESP+4]     ;port
    59 00000029 8A 44 24 08                         MOV AL,[ESP+8]     ;data
    60 0000002D EE                                  OUT DX,AL
    61 0000002E C3                                  RET
    62 0000002F                                 
    63 0000002F                                 _io_out16:              ;void io_out16(int port,int data);
    64 0000002F 8B 54 24 04                         MOV EDX,[ESP+4]     ;port
    65 00000033 8B 44 24 08                         MOV EAX,[ESP+8]     ;data
    66 00000037 66 EF                               OUT DX,AX
    67 00000039 C3                                  RET
    68 0000003A                                 
    69 0000003A                                 _io_out32:              ;void io_out32(int port,int data);
    70 0000003A 8B 54 24 04                         MOV EDX,[ESP+4]     ;port
    71 0000003E 8B 44 24 08                         MOV EAX,[ESP+8]     ;data
    72 00000042 EF                                  OUT DX,EAX
    73 00000043 C3                                  RET
    74 00000044                                 
    75 00000044                                 _io_load_eflags:        ;int io_load_eflags(void);
    76 00000044 9C                                  PUSHFD              ;指 PUSH EFLAGS
    77 00000045 58                                  POP EAX
    78 00000046 C3                                  RET
    79 00000047                                 
    80 00000047                                 _io_store_eflags:       ;void io_store_eflags(int eflags);
    81 00000047 8B 44 24 04                         MOV EAX,[ESP+4]
    82 0000004B 50                                  PUSH EAX
    83 0000004C 9D                                  POPFD               ;指 POP EFLAGS
    84 0000004D C3                                  RET
    85 0000004E                                 
    86 0000004E                                 _load_gdtr:             ;void load_gdtr(int limit,int addr);
    87 0000004E 66 8B 44 24 04                      MOV AX,[ESP+4]      ;limit
    88 00000053 66 89 44 24 06                      MOV [ESP+6],AX
    89 00000058 0F 01 54 24 06                      LGDT [ESP+6]
    90 0000005D C3                                  RET
    91 0000005E                                 
    92 0000005E                                 _load_idtr:             ;void load_idtr(int limit,int addr);
    93 0000005E 66 8B 44 24 04                      MOV AX,[ESP+4]      ;limit
    94 00000063 66 89 44 24 06                      MOV [ESP+6],AX
    95 00000068 0F 01 5C 24 06                      LIDT [ESP+6]
    96 0000006D C3                                  RET
    97 0000006E                                 
    98 0000006E                                 _asm_inthandler21:
    99 0000006E 06                                  PUSH ES
   100 0000006F 1E                                  PUSH DS
   101 00000070 60                                  PUSHAD
   102 00000071 89 E0                               MOV EAX,ESP
   103 00000073 50                                  PUSH EAX
   104 00000074 66 8C D0                            MOV AX,SS
   105 00000077 8E D8                               MOV DS,AX
   106 00000079 8E C0                               MOV ES,AX
   107 0000007B E8 [00000000]                       CALL _inthandler21
   108 00000080 58                                  POP EAX
   109 00000081 61                                  POPAD
   110 00000082 1F                                  POP DS
   111 00000083 07                                  POP ES
   112 00000084 CF                                  IRETD
   113 00000085                                 
   114 00000085                                 _asm_inthandler27:
   115 00000085 06                                  PUSH ES
   116 00000086 1E                                  PUSH DS
   117 00000087 60                                  PUSHAD
   118 00000088 89 E0                               MOV EAX,ESP
   119 0000008A 50                                  PUSH EAX
   120 0000008B 66 8C D0                            MOV AX,SS
   121 0000008E 8E D8                               MOV DS,AX
   122 00000090 8E C0                               MOV ES,AX
   123 00000092 E8 [00000000]                       CALL _inthandler27
   124 00000097 58                                  POP EAX
   125 00000098 61                                  POPAD
   126 00000099 1F                                  POP DS
   127 0000009A 07                                  POP ES
   128 0000009B CF                                  IRETD
   129 0000009C                                 
   130 0000009C                                 _asm_inthandler2c:
   131 0000009C 06                                  PUSH ES
   132 0000009D 1E                                  PUSH DS
   133 0000009E 60                                  PUSHAD
   134 0000009F 89 E0                               MOV EAX,ESP
   135 000000A1 50                                  PUSH EAX
   136 000000A2 66 8C D0                            MOV AX,SS
   137 000000A5 8E D8                               MOV DS,AX
   138 000000A7 8E C0                               MOV ES,AX
   139 000000A9 E8 [00000000]                       CALL _inthandler2c
   140 000000AE 58                                  POP EAX
   141 000000AF 61                                  POPAD
   142 000000B0 1F                                  POP DS
   143 000000B1 07                                  POP ES
   144 000000B2 CF                                  IRETD
