     1 00000000                                 [FORMAT "WCOFF"]
     2 00000000                                 [INSTRSET "i486p"]
     3 00000000                                 [OPTIMIZE 1]
     4 00000000                                 [OPTION 1]
     5 00000000                                 [BITS 32]
     6 00000000                                 	EXTERN	_sprintf
     7 00000000                                 	EXTERN	_io_hlt
     8 00000000                                 	EXTERN	_io_load_eflags
     9 00000000                                 	EXTERN	_io_cli
    10 00000000                                 	EXTERN	_io_out8
    11 00000000                                 	EXTERN	_io_store_eflags
    12 00000000                                 	EXTERN	_hankaku
    13 00000000                                 	EXTERN	_load_gdtr
    14 00000000                                 	EXTERN	_load_idtr
    15 00000000                                 [FILE "bootpack.c"]
    16                                          [SECTION .data]
    17 00000000                                 LC0:
    18 00000000 28 25 64 2C 25 64 29 00         	DB	"(%d,%d)",0x00
    19                                          [SECTION .text]
    20 00000000                                 	GLOBAL	_HariMain
    21 00000000                                 _HariMain:
    22 00000000 55                              	PUSH	EBP
    23 00000001 89 E5                           	MOV	EBP,ESP
    24 00000003 57                              	PUSH	EDI
    25 00000004 56                              	PUSH	ESI
    26 00000005 53                              	PUSH	EBX
    27 00000006 8D 9D FFFFFEC4                  	LEA	EBX,DWORD [-316+EBP]
    28 0000000C 81 EC 00000130                  	SUB	ESP,304
    29 00000012 E8 000004A0                     	CALL	_init_gdtidt
    30 00000017 E8 0000009D                     	CALL	_init_palette
    31 0000001C 0F BF 05 00000FF6               	MOVSX	EAX,WORD [4086]
    32 00000023 50                              	PUSH	EAX
    33 00000024 0F BF 05 00000FF4               	MOVSX	EAX,WORD [4084]
    34 0000002B 50                              	PUSH	EAX
    35 0000002C FF 35 00000FF8                  	PUSH	DWORD [4088]
    36 00000032 E8 0000016D                     	CALL	_init_screen
    37 00000037 B9 00000002                     	MOV	ECX,2
    38 0000003C 0F BF 05 00000FF4               	MOVSX	EAX,WORD [4084]
    39 00000043 8D 50 F0                        	LEA	EDX,DWORD [-16+EAX]
    40 00000046 89 D0                           	MOV	EAX,EDX
    41 00000048 99                              	CDQ
    42 00000049 F7 F9                           	IDIV	ECX
    43 0000004B 0F BF 15 00000FF6               	MOVSX	EDX,WORD [4086]
    44 00000052 83 EA 2C                        	SUB	EDX,44
    45 00000055 89 C7                           	MOV	EDI,EAX
    46 00000057 89 D0                           	MOV	EAX,EDX
    47 00000059 6A 0E                           	PUSH	14
    48 0000005B 99                              	CDQ
    49 0000005C F7 F9                           	IDIV	ECX
    50 0000005E 53                              	PUSH	EBX
    51 0000005F 89 C6                           	MOV	ESI,EAX
    52 00000061 E8 0000039E                     	CALL	_init_mouse_cursor8
    53 00000066 6A 10                           	PUSH	16
    54 00000068 53                              	PUSH	EBX
    55 00000069 8D 5D C4                        	LEA	EBX,DWORD [-60+EBP]
    56 0000006C 56                              	PUSH	ESI
    57 0000006D 57                              	PUSH	EDI
    58 0000006E 6A 10                           	PUSH	16
    59 00000070 6A 10                           	PUSH	16
    60 00000072 0F BF 05 00000FF4               	MOVSX	EAX,WORD [4084]
    61 00000079 50                              	PUSH	EAX
    62 0000007A FF 35 00000FF8                  	PUSH	DWORD [4088]
    63 00000080 E8 000003DC                     	CALL	_putblock8_8
    64 00000085 83 C4 34                        	ADD	ESP,52
    65 00000088 56                              	PUSH	ESI
    66 00000089 57                              	PUSH	EDI
    67 0000008A 68 [00000000]                   	PUSH	LC0
    68 0000008F 53                              	PUSH	EBX
    69 00000090 E8 [00000000]                   	CALL	_sprintf
    70 00000095 53                              	PUSH	EBX
    71 00000096 6A 07                           	PUSH	7
    72 00000098 6A 00                           	PUSH	0
    73 0000009A 6A 00                           	PUSH	0
    74 0000009C 0F BF 05 00000FF4               	MOVSX	EAX,WORD [4084]
    75 000000A3 50                              	PUSH	EAX
    76 000000A4 FF 35 00000FF8                  	PUSH	DWORD [4088]
    77 000000AA E8 00000306                     	CALL	_putfont8_asc
    78 000000AF 83 C4 28                        	ADD	ESP,40
    79 000000B2                                 L2:
    80 000000B2 E8 [00000000]                   	CALL	_io_hlt
    81 000000B7 EB F9                           	JMP	L2
    82                                          [SECTION .data]
    83 00000008                                 _table_rgb.0:
    84 00000008 00                              	DB	0
    85 00000009 00                              	DB	0
    86 0000000A 00                              	DB	0
    87 0000000B FF                              	DB	-1
    88 0000000C 00                              	DB	0
    89 0000000D 00                              	DB	0
    90 0000000E 00                              	DB	0
    91 0000000F FF                              	DB	-1
    92 00000010 00                              	DB	0
    93 00000011 FF                              	DB	-1
    94 00000012 FF                              	DB	-1
    95 00000013 00                              	DB	0
    96 00000014 00                              	DB	0
    97 00000015 00                              	DB	0
    98 00000016 FF                              	DB	-1
    99 00000017 FF                              	DB	-1
   100 00000018 00                              	DB	0
   101 00000019 FF                              	DB	-1
   102 0000001A FF                              	DB	-1
   103 0000001B FF                              	DB	-1
   104 0000001C FF                              	DB	-1
   105 0000001D FF                              	DB	-1
   106 0000001E FF                              	DB	-1
   107 0000001F FF                              	DB	-1
   108 00000020 C6                              	DB	-58
   109 00000021 C6                              	DB	-58
   110 00000022 C6                              	DB	-58
   111 00000023 84                              	DB	-124
   112 00000024 00                              	DB	0
   113 00000025 00                              	DB	0
   114 00000026 00                              	DB	0
   115 00000027 84                              	DB	-124
   116 00000028 00                              	DB	0
   117 00000029 84                              	DB	-124
   118 0000002A 84                              	DB	-124
   119 0000002B 00                              	DB	0
   120 0000002C 00                              	DB	0
   121 0000002D 00                              	DB	0
   122 0000002E 84                              	DB	-124
   123 0000002F 84                              	DB	-124
   124 00000030 00                              	DB	0
   125 00000031 84                              	DB	-124
   126 00000032 00                              	DB	0
   127 00000033 84                              	DB	-124
   128 00000034 84                              	DB	-124
   129 00000035 84                              	DB	-124
   130 00000036 84                              	DB	-124
   131 00000037 84                              	DB	-124
   132                                          [SECTION .text]
   133 000000B9                                 	GLOBAL	_init_palette
   134 000000B9                                 _init_palette:
   135 000000B9 55                              	PUSH	EBP
   136 000000BA 89 E5                           	MOV	EBP,ESP
   137 000000BC 68 [00000008]                   	PUSH	_table_rgb.0
   138 000000C1 6A 0F                           	PUSH	15
   139 000000C3 6A 00                           	PUSH	0
   140 000000C5 E8 00000002                     	CALL	_set_palette
   141 000000CA C9                              	LEAVE
   142 000000CB C3                              	RET
   143 000000CC                                 	GLOBAL	_set_palette
   144 000000CC                                 _set_palette:
   145 000000CC 55                              	PUSH	EBP
   146 000000CD 89 E5                           	MOV	EBP,ESP
   147 000000CF 57                              	PUSH	EDI
   148 000000D0 56                              	PUSH	ESI
   149 000000D1 53                              	PUSH	EBX
   150 000000D2 51                              	PUSH	ECX
   151 000000D3 8B 5D 08                        	MOV	EBX,DWORD [8+EBP]
   152 000000D6 8B 7D 0C                        	MOV	EDI,DWORD [12+EBP]
   153 000000D9 8B 75 10                        	MOV	ESI,DWORD [16+EBP]
   154 000000DC E8 [00000000]                   	CALL	_io_load_eflags
   155 000000E1 89 45 F0                        	MOV	DWORD [-16+EBP],EAX
   156 000000E4 E8 [00000000]                   	CALL	_io_cli
   157 000000E9 53                              	PUSH	EBX
   158 000000EA 68 000003C8                     	PUSH	968
   159 000000EF E8 [00000000]                   	CALL	_io_out8
   160 000000F4 85 FF                           	TEST	EDI,EDI
   161 000000F6 58                              	POP	EAX
   162 000000F7 5A                              	POP	EDX
   163 000000F8 78 47                           	JS	L13
   164 000000FA 8D 5F 01                        	LEA	EBX,DWORD [1+EDI]
   165 000000FD                                 L11:
   166 000000FD 8A 06                           	MOV	AL,BYTE [ESI]
   167 000000FF C0 E8 02                        	SHR	AL,2
   168 00000102 0F B6 C0                        	MOVZX	EAX,AL
   169 00000105 50                              	PUSH	EAX
   170 00000106 68 000003C9                     	PUSH	969
   171 0000010B E8 [00000000]                   	CALL	_io_out8
   172 00000110 8A 46 01                        	MOV	AL,BYTE [1+ESI]
   173 00000113 C0 E8 02                        	SHR	AL,2
   174 00000116 0F B6 C0                        	MOVZX	EAX,AL
   175 00000119 50                              	PUSH	EAX
   176 0000011A 68 000003C9                     	PUSH	969
   177 0000011F E8 [00000000]                   	CALL	_io_out8
   178 00000124 8A 46 02                        	MOV	AL,BYTE [2+ESI]
   179 00000127 C0 E8 02                        	SHR	AL,2
   180 0000012A 83 C6 03                        	ADD	ESI,3
   181 0000012D 0F B6 C0                        	MOVZX	EAX,AL
   182 00000130 50                              	PUSH	EAX
   183 00000131 68 000003C9                     	PUSH	969
   184 00000136 E8 [00000000]                   	CALL	_io_out8
   185 0000013B 83 C4 18                        	ADD	ESP,24
   186 0000013E 4B                              	DEC	EBX
   187 0000013F 75 BC                           	JNE	L11
   188 00000141                                 L13:
   189 00000141 8B 45 F0                        	MOV	EAX,DWORD [-16+EBP]
   190 00000144 89 45 08                        	MOV	DWORD [8+EBP],EAX
   191 00000147 8D 65 F4                        	LEA	ESP,DWORD [-12+EBP]
   192 0000014A 5B                              	POP	EBX
   193 0000014B 5E                              	POP	ESI
   194 0000014C 5F                              	POP	EDI
   195 0000014D 5D                              	POP	EBP
   196 0000014E E9 [00000000]                   	JMP	_io_store_eflags
   197 00000153                                 	GLOBAL	_boxfill8
   198 00000153                                 _boxfill8:
   199 00000153 55                              	PUSH	EBP
   200 00000154 89 E5                           	MOV	EBP,ESP
   201 00000156 57                              	PUSH	EDI
   202 00000157 56                              	PUSH	ESI
   203 00000158 53                              	PUSH	EBX
   204 00000159 57                              	PUSH	EDI
   205 0000015A 57                              	PUSH	EDI
   206 0000015B 8A 45 10                        	MOV	AL,BYTE [16+EBP]
   207 0000015E 8B 4D 18                        	MOV	ECX,DWORD [24+EBP]
   208 00000161 8B 7D 1C                        	MOV	EDI,DWORD [28+EBP]
   209 00000164 88 45 F3                        	MOV	BYTE [-13+EBP],AL
   210 00000167 3B 4D 20                        	CMP	ECX,DWORD [32+EBP]
   211 0000016A 7F 31                           	JG	L26
   212 0000016C 8B 5D 0C                        	MOV	EBX,DWORD [12+EBP]
   213 0000016F 0F AF D9                        	IMUL	EBX,ECX
   214 00000172                                 L24:
   215 00000172 8B 55 14                        	MOV	EDX,DWORD [20+EBP]
   216 00000175 39 FA                           	CMP	EDX,EDI
   217 00000177 7F 1B                           	JG	L28
   218 00000179 8B 75 08                        	MOV	ESI,DWORD [8+EBP]
   219 0000017C 01 DE                           	ADD	ESI,EBX
   220 0000017E 01 D6                           	ADD	ESI,EDX
   221 00000180 89 75 EC                        	MOV	DWORD [-20+EBP],ESI
   222 00000183                                 L23:
   223 00000183 8B 75 EC                        	MOV	ESI,DWORD [-20+EBP]
   224 00000186 8A 45 F3                        	MOV	AL,BYTE [-13+EBP]
   225 00000189 42                              	INC	EDX
   226 0000018A 88 06                           	MOV	BYTE [ESI],AL
   227 0000018C 46                              	INC	ESI
   228 0000018D 89 75 EC                        	MOV	DWORD [-20+EBP],ESI
   229 00000190 39 FA                           	CMP	EDX,EDI
   230 00000192 7E EF                           	JLE	L23
   231 00000194                                 L28:
   232 00000194 41                              	INC	ECX
   233 00000195 03 5D 0C                        	ADD	EBX,DWORD [12+EBP]
   234 00000198 3B 4D 20                        	CMP	ECX,DWORD [32+EBP]
   235 0000019B 7E D5                           	JLE	L24
   236 0000019D                                 L26:
   237 0000019D 5B                              	POP	EBX
   238 0000019E 5E                              	POP	ESI
   239 0000019F 5B                              	POP	EBX
   240 000001A0 5E                              	POP	ESI
   241 000001A1 5F                              	POP	EDI
   242 000001A2 5D                              	POP	EBP
   243 000001A3 C3                              	RET
   244 000001A4                                 	GLOBAL	_init_screen
   245 000001A4                                 _init_screen:
   246 000001A4 55                              	PUSH	EBP
   247 000001A5 89 E5                           	MOV	EBP,ESP
   248 000001A7 57                              	PUSH	EDI
   249 000001A8 56                              	PUSH	ESI
   250 000001A9 53                              	PUSH	EBX
   251 000001AA 83 EC 0C                        	SUB	ESP,12
   252 000001AD 8B 45 10                        	MOV	EAX,DWORD [16+EBP]
   253 000001B0 8B 7D 0C                        	MOV	EDI,DWORD [12+EBP]
   254 000001B3 83 E8 1D                        	SUB	EAX,29
   255 000001B6 4F                              	DEC	EDI
   256 000001B7 50                              	PUSH	EAX
   257 000001B8 57                              	PUSH	EDI
   258 000001B9 6A 00                           	PUSH	0
   259 000001BB 6A 00                           	PUSH	0
   260 000001BD 6A 0E                           	PUSH	14
   261 000001BF FF 75 0C                        	PUSH	DWORD [12+EBP]
   262 000001C2 FF 75 08                        	PUSH	DWORD [8+EBP]
   263 000001C5 E8 FFFFFF89                     	CALL	_boxfill8
   264 000001CA 8B 45 10                        	MOV	EAX,DWORD [16+EBP]
   265 000001CD 83 E8 1C                        	SUB	EAX,28
   266 000001D0 50                              	PUSH	EAX
   267 000001D1 57                              	PUSH	EDI
   268 000001D2 50                              	PUSH	EAX
   269 000001D3 6A 00                           	PUSH	0
   270 000001D5 6A 08                           	PUSH	8
   271 000001D7 FF 75 0C                        	PUSH	DWORD [12+EBP]
   272 000001DA FF 75 08                        	PUSH	DWORD [8+EBP]
   273 000001DD E8 FFFFFF71                     	CALL	_boxfill8
   274 000001E2 8B 45 10                        	MOV	EAX,DWORD [16+EBP]
   275 000001E5 83 C4 38                        	ADD	ESP,56
   276 000001E8 83 E8 1B                        	SUB	EAX,27
   277 000001EB 50                              	PUSH	EAX
   278 000001EC 57                              	PUSH	EDI
   279 000001ED 50                              	PUSH	EAX
   280 000001EE 6A 00                           	PUSH	0
   281 000001F0 6A 07                           	PUSH	7
   282 000001F2 FF 75 0C                        	PUSH	DWORD [12+EBP]
   283 000001F5 FF 75 08                        	PUSH	DWORD [8+EBP]
   284 000001F8 E8 FFFFFF56                     	CALL	_boxfill8
   285 000001FD 8B 45 10                        	MOV	EAX,DWORD [16+EBP]
   286 00000200 48                              	DEC	EAX
   287 00000201 50                              	PUSH	EAX
   288 00000202 8B 45 10                        	MOV	EAX,DWORD [16+EBP]
   289 00000205 57                              	PUSH	EDI
   290 00000206 83 E8 1A                        	SUB	EAX,26
   291 00000209 50                              	PUSH	EAX
   292 0000020A 6A 00                           	PUSH	0
   293 0000020C 6A 08                           	PUSH	8
   294 0000020E FF 75 0C                        	PUSH	DWORD [12+EBP]
   295 00000211 FF 75 08                        	PUSH	DWORD [8+EBP]
   296 00000214 E8 FFFFFF3A                     	CALL	_boxfill8
   297 00000219 8B 75 10                        	MOV	ESI,DWORD [16+EBP]
   298 0000021C 83 C4 38                        	ADD	ESP,56
   299 0000021F 83 EE 18                        	SUB	ESI,24
   300 00000222 56                              	PUSH	ESI
   301 00000223 6A 3B                           	PUSH	59
   302 00000225 56                              	PUSH	ESI
   303 00000226 6A 03                           	PUSH	3
   304 00000228 6A 07                           	PUSH	7
   305 0000022A FF 75 0C                        	PUSH	DWORD [12+EBP]
   306 0000022D FF 75 08                        	PUSH	DWORD [8+EBP]
   307 00000230 E8 FFFFFF1E                     	CALL	_boxfill8
   308 00000235 8B 45 10                        	MOV	EAX,DWORD [16+EBP]
   309 00000238 83 E8 04                        	SUB	EAX,4
   310 0000023B 50                              	PUSH	EAX
   311 0000023C 89 45 F0                        	MOV	DWORD [-16+EBP],EAX
   312 0000023F 6A 02                           	PUSH	2
   313 00000241 56                              	PUSH	ESI
   314 00000242 6A 02                           	PUSH	2
   315 00000244 6A 07                           	PUSH	7
   316 00000246 FF 75 0C                        	PUSH	DWORD [12+EBP]
   317 00000249 FF 75 08                        	PUSH	DWORD [8+EBP]
   318 0000024C E8 FFFFFF02                     	CALL	_boxfill8
   319 00000251 83 C4 38                        	ADD	ESP,56
   320 00000254 FF 75 F0                        	PUSH	DWORD [-16+EBP]
   321 00000257 6A 3B                           	PUSH	59
   322 00000259 FF 75 F0                        	PUSH	DWORD [-16+EBP]
   323 0000025C 6A 03                           	PUSH	3
   324 0000025E 6A 0F                           	PUSH	15
   325 00000260 FF 75 0C                        	PUSH	DWORD [12+EBP]
   326 00000263 FF 75 08                        	PUSH	DWORD [8+EBP]
   327 00000266 E8 FFFFFEE8                     	CALL	_boxfill8
   328 0000026B 8B 45 10                        	MOV	EAX,DWORD [16+EBP]
   329 0000026E 83 E8 05                        	SUB	EAX,5
   330 00000271 50                              	PUSH	EAX
   331 00000272 8B 45 10                        	MOV	EAX,DWORD [16+EBP]
   332 00000275 6A 3B                           	PUSH	59
   333 00000277 83 E8 17                        	SUB	EAX,23
   334 0000027A 50                              	PUSH	EAX
   335 0000027B 89 45 EC                        	MOV	DWORD [-20+EBP],EAX
   336 0000027E 6A 3B                           	PUSH	59
   337 00000280 6A 0F                           	PUSH	15
   338 00000282 FF 75 0C                        	PUSH	DWORD [12+EBP]
   339 00000285 FF 75 08                        	PUSH	DWORD [8+EBP]
   340 00000288 E8 FFFFFEC6                     	CALL	_boxfill8
   341 0000028D 8B 45 10                        	MOV	EAX,DWORD [16+EBP]
   342 00000290 83 C4 38                        	ADD	ESP,56
   343 00000293 83 E8 03                        	SUB	EAX,3
   344 00000296 89 45 E8                        	MOV	DWORD [-24+EBP],EAX
   345 00000299 50                              	PUSH	EAX
   346 0000029A 6A 3B                           	PUSH	59
   347 0000029C 50                              	PUSH	EAX
   348 0000029D 6A 02                           	PUSH	2
   349 0000029F 6A 00                           	PUSH	0
   350 000002A1 FF 75 0C                        	PUSH	DWORD [12+EBP]
   351 000002A4 FF 75 08                        	PUSH	DWORD [8+EBP]
   352 000002A7 E8 FFFFFEA7                     	CALL	_boxfill8
   353 000002AC FF 75 E8                        	PUSH	DWORD [-24+EBP]
   354 000002AF 6A 3C                           	PUSH	60
   355 000002B1 56                              	PUSH	ESI
   356 000002B2 6A 3C                           	PUSH	60
   357 000002B4 6A 00                           	PUSH	0
   358 000002B6 FF 75 0C                        	PUSH	DWORD [12+EBP]
   359 000002B9 FF 75 08                        	PUSH	DWORD [8+EBP]
   360 000002BC E8 FFFFFE92                     	CALL	_boxfill8
   361 000002C1 8B 7D 0C                        	MOV	EDI,DWORD [12+EBP]
   362 000002C4 83 C4 38                        	ADD	ESP,56
   363 000002C7 8B 5D 0C                        	MOV	EBX,DWORD [12+EBP]
   364 000002CA 83 EB 04                        	SUB	EBX,4
   365 000002CD 83 EF 2F                        	SUB	EDI,47
   366 000002D0 56                              	PUSH	ESI
   367 000002D1 53                              	PUSH	EBX
   368 000002D2 56                              	PUSH	ESI
   369 000002D3 57                              	PUSH	EDI
   370 000002D4 6A 0F                           	PUSH	15
   371 000002D6 FF 75 0C                        	PUSH	DWORD [12+EBP]
   372 000002D9 FF 75 08                        	PUSH	DWORD [8+EBP]
   373 000002DC E8 FFFFFE72                     	CALL	_boxfill8
   374 000002E1 FF 75 F0                        	PUSH	DWORD [-16+EBP]
   375 000002E4 57                              	PUSH	EDI
   376 000002E5 FF 75 EC                        	PUSH	DWORD [-20+EBP]
   377 000002E8 57                              	PUSH	EDI
   378 000002E9 6A 0F                           	PUSH	15
   379 000002EB FF 75 0C                        	PUSH	DWORD [12+EBP]
   380 000002EE FF 75 08                        	PUSH	DWORD [8+EBP]
   381 000002F1 E8 FFFFFE5D                     	CALL	_boxfill8
   382 000002F6 83 C4 38                        	ADD	ESP,56
   383 000002F9 FF 75 E8                        	PUSH	DWORD [-24+EBP]
   384 000002FC 53                              	PUSH	EBX
   385 000002FD FF 75 E8                        	PUSH	DWORD [-24+EBP]
   386 00000300 57                              	PUSH	EDI
   387 00000301 6A 07                           	PUSH	7
   388 00000303 FF 75 0C                        	PUSH	DWORD [12+EBP]
   389 00000306 FF 75 08                        	PUSH	DWORD [8+EBP]
   390 00000309 E8 FFFFFE45                     	CALL	_boxfill8
   391 0000030E 8B 45 0C                        	MOV	EAX,DWORD [12+EBP]
   392 00000311 FF 75 E8                        	PUSH	DWORD [-24+EBP]
   393 00000314 83 E8 03                        	SUB	EAX,3
   394 00000317 50                              	PUSH	EAX
   395 00000318 56                              	PUSH	ESI
   396 00000319 50                              	PUSH	EAX
   397 0000031A 6A 07                           	PUSH	7
   398 0000031C FF 75 0C                        	PUSH	DWORD [12+EBP]
   399 0000031F FF 75 08                        	PUSH	DWORD [8+EBP]
   400 00000322 E8 FFFFFE2C                     	CALL	_boxfill8
   401 00000327 8D 65 F4                        	LEA	ESP,DWORD [-12+EBP]
   402 0000032A 5B                              	POP	EBX
   403 0000032B 5E                              	POP	ESI
   404 0000032C 5F                              	POP	EDI
   405 0000032D 5D                              	POP	EBP
   406 0000032E C3                              	RET
   407 0000032F                                 	GLOBAL	_putfont8
   408 0000032F                                 _putfont8:
   409 0000032F 55                              	PUSH	EBP
   410 00000330 89 E5                           	MOV	EBP,ESP
   411 00000332 57                              	PUSH	EDI
   412 00000333 56                              	PUSH	ESI
   413 00000334 31 F6                           	XOR	ESI,ESI
   414 00000336 53                              	PUSH	EBX
   415 00000337 8B 7D 1C                        	MOV	EDI,DWORD [28+EBP]
   416 0000033A 8A 5D 18                        	MOV	BL,BYTE [24+EBP]
   417 0000033D                                 L43:
   418 0000033D 8B 45 14                        	MOV	EAX,DWORD [20+EBP]
   419 00000340 8B 55 10                        	MOV	EDX,DWORD [16+EBP]
   420 00000343 01 F0                           	ADD	EAX,ESI
   421 00000345 0F AF 45 0C                     	IMUL	EAX,DWORD [12+EBP]
   422 00000349 03 45 08                        	ADD	EAX,DWORD [8+EBP]
   423 0000034C 8D 0C 02                        	LEA	ECX,DWORD [EDX+EAX*1]
   424 0000034F 8A 14 3E                        	MOV	DL,BYTE [ESI+EDI*1]
   425 00000352 84 D2                           	TEST	DL,DL
   426 00000354 79 02                           	JNS	L35
   427 00000356 88 19                           	MOV	BYTE [ECX],BL
   428 00000358                                 L35:
   429 00000358 88 D0                           	MOV	AL,DL
   430 0000035A 83 E0 40                        	AND	EAX,64
   431 0000035D 84 C0                           	TEST	AL,AL
   432 0000035F 74 03                           	JE	L36
   433 00000361 88 59 01                        	MOV	BYTE [1+ECX],BL
   434 00000364                                 L36:
   435 00000364 88 D0                           	MOV	AL,DL
   436 00000366 83 E0 20                        	AND	EAX,32
   437 00000369 84 C0                           	TEST	AL,AL
   438 0000036B 74 03                           	JE	L37
   439 0000036D 88 59 02                        	MOV	BYTE [2+ECX],BL
   440 00000370                                 L37:
   441 00000370 88 D0                           	MOV	AL,DL
   442 00000372 83 E0 10                        	AND	EAX,16
   443 00000375 84 C0                           	TEST	AL,AL
   444 00000377 74 03                           	JE	L38
   445 00000379 88 59 03                        	MOV	BYTE [3+ECX],BL
   446 0000037C                                 L38:
   447 0000037C 88 D0                           	MOV	AL,DL
   448 0000037E 83 E0 08                        	AND	EAX,8
   449 00000381 84 C0                           	TEST	AL,AL
   450 00000383 74 03                           	JE	L39
   451 00000385 88 59 04                        	MOV	BYTE [4+ECX],BL
   452 00000388                                 L39:
   453 00000388 88 D0                           	MOV	AL,DL
   454 0000038A 83 E0 04                        	AND	EAX,4
   455 0000038D 84 C0                           	TEST	AL,AL
   456 0000038F 74 03                           	JE	L40
   457 00000391 88 59 05                        	MOV	BYTE [5+ECX],BL
   458 00000394                                 L40:
   459 00000394 88 D0                           	MOV	AL,DL
   460 00000396 83 E0 02                        	AND	EAX,2
   461 00000399 84 C0                           	TEST	AL,AL
   462 0000039B 74 03                           	JE	L41
   463 0000039D 88 59 06                        	MOV	BYTE [6+ECX],BL
   464 000003A0                                 L41:
   465 000003A0 83 E2 01                        	AND	EDX,1
   466 000003A3 84 D2                           	TEST	DL,DL
   467 000003A5 74 03                           	JE	L33
   468 000003A7 88 59 07                        	MOV	BYTE [7+ECX],BL
   469 000003AA                                 L33:
   470 000003AA 46                              	INC	ESI
   471 000003AB 83 FE 0F                        	CMP	ESI,15
   472 000003AE 7E 8D                           	JLE	L43
   473 000003B0 5B                              	POP	EBX
   474 000003B1 5E                              	POP	ESI
   475 000003B2 5F                              	POP	EDI
   476 000003B3 5D                              	POP	EBP
   477 000003B4 C3                              	RET
   478 000003B5                                 	GLOBAL	_putfont8_asc
   479 000003B5                                 _putfont8_asc:
   480 000003B5 55                              	PUSH	EBP
   481 000003B6 89 E5                           	MOV	EBP,ESP
   482 000003B8 57                              	PUSH	EDI
   483 000003B9 56                              	PUSH	ESI
   484 000003BA 53                              	PUSH	EBX
   485 000003BB 50                              	PUSH	EAX
   486 000003BC 8B 5D 1C                        	MOV	EBX,DWORD [28+EBP]
   487 000003BF 8A 45 18                        	MOV	AL,BYTE [24+EBP]
   488 000003C2 88 45 F3                        	MOV	BYTE [-13+EBP],AL
   489 000003C5 8B 75 10                        	MOV	ESI,DWORD [16+EBP]
   490 000003C8 8B 7D 14                        	MOV	EDI,DWORD [20+EBP]
   491 000003CB 80 3B 00                        	CMP	BYTE [EBX],0
   492 000003CE 75 08                           	JNE	L51
   493 000003D0                                 L53:
   494 000003D0 8D 65 F4                        	LEA	ESP,DWORD [-12+EBP]
   495 000003D3 5B                              	POP	EBX
   496 000003D4 5E                              	POP	ESI
   497 000003D5 5F                              	POP	EDI
   498 000003D6 5D                              	POP	EBP
   499 000003D7 C3                              	RET
   500 000003D8                                 L51:
   501 000003D8 0F B6 03                        	MOVZX	EAX,BYTE [EBX]
   502 000003DB C1 E0 04                        	SAL	EAX,4
   503 000003DE 43                              	INC	EBX
   504 000003DF 05 [00000000]                   	ADD	EAX,_hankaku
   505 000003E4 50                              	PUSH	EAX
   506 000003E5 0F BE 45 F3                     	MOVSX	EAX,BYTE [-13+EBP]
   507 000003E9 50                              	PUSH	EAX
   508 000003EA 57                              	PUSH	EDI
   509 000003EB 56                              	PUSH	ESI
   510 000003EC 83 C6 08                        	ADD	ESI,8
   511 000003EF FF 75 0C                        	PUSH	DWORD [12+EBP]
   512 000003F2 FF 75 08                        	PUSH	DWORD [8+EBP]
   513 000003F5 E8 FFFFFF35                     	CALL	_putfont8
   514 000003FA 83 C4 18                        	ADD	ESP,24
   515 000003FD 80 3B 00                        	CMP	BYTE [EBX],0
   516 00000400 75 D6                           	JNE	L51
   517 00000402 EB CC                           	JMP	L53
   518                                          [SECTION .data]
   519 00000038                                 _cursor.1:
   520 00000038 2A 2A 2A 2A 2A 2A 2A 2A 2A 2A   	DB	"**************.."
       00000042 2A 2A 2A 2A 2E 2E 
   521 00000048 2A 4F 4F 4F 4F 4F 4F 4F 4F 4F   	DB	"*OOOOOOOOOOO*..."
       00000052 4F 4F 2A 2E 2E 2E 
   522 00000058 2A 4F 4F 4F 4F 4F 4F 4F 4F 4F   	DB	"*OOOOOOOOOO*...."
       00000062 4F 2A 2E 2E 2E 2E 
   523 00000068 2A 4F 4F 4F 4F 4F 4F 4F 4F 4F   	DB	"*OOOOOOOOO*....."
       00000072 2A 2E 2E 2E 2E 2E 
   524 00000078 2A 4F 4F 4F 4F 4F 4F 4F 4F 2A   	DB	"*OOOOOOOO*......"
       00000082 2E 2E 2E 2E 2E 2E 
   525 00000088 2A 4F 4F 4F 4F 4F 4F 4F 2A 2E   	DB	"*OOOOOOO*......."
       00000092 2E 2E 2E 2E 2E 2E 
   526 00000098 2A 4F 4F 4F 4F 4F 4F 4F 2A 2E   	DB	"*OOOOOOO*......."
       000000A2 2E 2E 2E 2E 2E 2E 
   527 000000A8 2A 4F 4F 4F 4F 4F 4F 4F 4F 2A   	DB	"*OOOOOOOO*......"
       000000B2 2E 2E 2E 2E 2E 2E 
   528 000000B8 2A 4F 4F 4F 4F 2A 2A 4F 4F 4F   	DB	"*OOOO**OOO*....."
       000000C2 2A 2E 2E 2E 2E 2E 
   529 000000C8 2A 4F 4F 4F 2A 2E 2E 2A 4F 4F   	DB	"*OOO*..*OOO*...."
       000000D2 4F 2A 2E 2E 2E 2E 
   530 000000D8 2A 4F 4F 2A 2E 2E 2E 2E 2A 4F   	DB	"*OO*....*OOO*..."
       000000E2 4F 4F 2A 2E 2E 2E 
   531 000000E8 2A 4F 2A 2E 2E 2E 2E 2E 2E 2A   	DB	"*O*......*OOO*.."
       000000F2 4F 4F 4F 2A 2E 2E 
   532 000000F8 2A 2A 2E 2E 2E 2E 2E 2E 2E 2E   	DB	"**........*OOO*."
       00000102 2A 4F 4F 4F 2A 2E 
   533 00000108 2A 2E 2E 2E 2E 2E 2E 2E 2E 2E   	DB	"*..........*OOO*"
       00000112 2E 2A 4F 4F 4F 2A 
   534 00000118 2E 2E 2E 2E 2E 2E 2E 2E 2E 2E   	DB	"............*OO*"
       00000122 2E 2E 2A 4F 4F 2A 
   535 00000128 2E 2E 2E 2E 2E 2E 2E 2E 2E 2E   	DB	".............***"
       00000132 2E 2E 2E 2A 2A 2A 
   536                                          [SECTION .text]
   537 00000404                                 	GLOBAL	_init_mouse_cursor8
   538 00000404                                 _init_mouse_cursor8:
   539 00000404 55                              	PUSH	EBP
   540 00000405 89 E5                           	MOV	EBP,ESP
   541 00000407 57                              	PUSH	EDI
   542 00000408 56                              	PUSH	ESI
   543 00000409 31 FF                           	XOR	EDI,EDI
   544 0000040B 53                              	PUSH	EBX
   545 0000040C 31 DB                           	XOR	EBX,EBX
   546 0000040E 50                              	PUSH	EAX
   547 0000040F 8A 45 0C                        	MOV	AL,BYTE [12+EBP]
   548 00000412 8B 75 08                        	MOV	ESI,DWORD [8+EBP]
   549 00000415 88 45 F3                        	MOV	BYTE [-13+EBP],AL
   550 00000418                                 L67:
   551 00000418 31 D2                           	XOR	EDX,EDX
   552 0000041A                                 L66:
   553 0000041A 8D 04 3A                        	LEA	EAX,DWORD [EDX+EDI*1]
   554 0000041D 80 B8 [00000038] 2A             	CMP	BYTE [_cursor.1+EAX],42
   555 00000424 74 35                           	JE	L72
   556 00000426                                 L63:
   557 00000426 80 B8 [00000038] 4F             	CMP	BYTE [_cursor.1+EAX],79
   558 0000042D 74 26                           	JE	L73
   559 0000042F                                 L64:
   560 0000042F 80 B8 [00000038] 2E             	CMP	BYTE [_cursor.1+EAX],46
   561 00000436 74 15                           	JE	L74
   562 00000438                                 L61:
   563 00000438 42                              	INC	EDX
   564 00000439 83 FA 0F                        	CMP	EDX,15
   565 0000043C 7E DC                           	JLE	L66
   566 0000043E 43                              	INC	EBX
   567 0000043F 83 C7 10                        	ADD	EDI,16
   568 00000442 83 FB 0F                        	CMP	EBX,15
   569 00000445 7E D1                           	JLE	L67
   570 00000447 58                              	POP	EAX
   571 00000448 5B                              	POP	EBX
   572 00000449 5E                              	POP	ESI
   573 0000044A 5F                              	POP	EDI
   574 0000044B 5D                              	POP	EBP
   575 0000044C C3                              	RET
   576 0000044D                                 L74:
   577 0000044D 8A 4D F3                        	MOV	CL,BYTE [-13+EBP]
   578 00000450 88 0C 30                        	MOV	BYTE [EAX+ESI*1],CL
   579 00000453 EB E3                           	JMP	L61
   580 00000455                                 L73:
   581 00000455 C6 04 30 07                     	MOV	BYTE [EAX+ESI*1],7
   582 00000459 EB D4                           	JMP	L64
   583 0000045B                                 L72:
   584 0000045B C6 04 30 00                     	MOV	BYTE [EAX+ESI*1],0
   585 0000045F EB C5                           	JMP	L63
   586 00000461                                 	GLOBAL	_putblock8_8
   587 00000461                                 _putblock8_8:
   588 00000461 55                              	PUSH	EBP
   589 00000462 89 E5                           	MOV	EBP,ESP
   590 00000464 57                              	PUSH	EDI
   591 00000465 56                              	PUSH	ESI
   592 00000466 31 F6                           	XOR	ESI,ESI
   593 00000468 53                              	PUSH	EBX
   594 00000469 83 EC 0C                        	SUB	ESP,12
   595 0000046C 3B 75 14                        	CMP	ESI,DWORD [20+EBP]
   596 0000046F 7D 3E                           	JGE	L87
   597 00000471 31 FF                           	XOR	EDI,EDI
   598 00000473                                 L85:
   599 00000473 31 DB                           	XOR	EBX,EBX
   600 00000475 3B 5D 10                        	CMP	EBX,DWORD [16+EBP]
   601 00000478 7D 2C                           	JGE	L89
   602 0000047A 8B 45 20                        	MOV	EAX,DWORD [32+EBP]
   603 0000047D 01 F8                           	ADD	EAX,EDI
   604 0000047F 89 45 EC                        	MOV	DWORD [-20+EBP],EAX
   605 00000482                                 L84:
   606 00000482 8B 45 1C                        	MOV	EAX,DWORD [28+EBP]
   607 00000485 8B 55 18                        	MOV	EDX,DWORD [24+EBP]
   608 00000488 01 F0                           	ADD	EAX,ESI
   609 0000048A 01 DA                           	ADD	EDX,EBX
   610 0000048C 0F AF 45 0C                     	IMUL	EAX,DWORD [12+EBP]
   611 00000490 01 D0                           	ADD	EAX,EDX
   612 00000492 8B 4D 08                        	MOV	ECX,DWORD [8+EBP]
   613 00000495 8B 55 EC                        	MOV	EDX,DWORD [-20+EBP]
   614 00000498 43                              	INC	EBX
   615 00000499 8A 12                           	MOV	DL,BYTE [EDX]
   616 0000049B 88 14 08                        	MOV	BYTE [EAX+ECX*1],DL
   617 0000049E FF 45 EC                        	INC	DWORD [-20+EBP]
   618 000004A1 3B 5D 10                        	CMP	EBX,DWORD [16+EBP]
   619 000004A4 7C DC                           	JL	L84
   620 000004A6                                 L89:
   621 000004A6 46                              	INC	ESI
   622 000004A7 03 7D 24                        	ADD	EDI,DWORD [36+EBP]
   623 000004AA 3B 75 14                        	CMP	ESI,DWORD [20+EBP]
   624 000004AD 7C C4                           	JL	L85
   625 000004AF                                 L87:
   626 000004AF 83 C4 0C                        	ADD	ESP,12
   627 000004B2 5B                              	POP	EBX
   628 000004B3 5E                              	POP	ESI
   629 000004B4 5F                              	POP	EDI
   630 000004B5 5D                              	POP	EBP
   631 000004B6 C3                              	RET
   632 000004B7                                 	GLOBAL	_init_gdtidt
   633 000004B7                                 _init_gdtidt:
   634 000004B7 55                              	PUSH	EBP
   635 000004B8 89 E5                           	MOV	EBP,ESP
   636 000004BA 56                              	PUSH	ESI
   637 000004BB 53                              	PUSH	EBX
   638 000004BC BE 00270000                     	MOV	ESI,2555904
   639 000004C1 BB 00001FFF                     	MOV	EBX,8191
   640 000004C6                                 L95:
   641 000004C6 6A 00                           	PUSH	0
   642 000004C8 6A 00                           	PUSH	0
   643 000004CA 6A 00                           	PUSH	0
   644 000004CC 56                              	PUSH	ESI
   645 000004CD 83 C6 08                        	ADD	ESI,8
   646 000004D0 E8 0000007B                     	CALL	_set_segmdsc
   647 000004D5 83 C4 10                        	ADD	ESP,16
   648 000004D8 4B                              	DEC	EBX
   649 000004D9 79 EB                           	JNS	L95
   650 000004DB 68 00004092                     	PUSH	16530
   651 000004E0 BE 0026F800                     	MOV	ESI,2553856
   652 000004E5 6A 00                           	PUSH	0
   653 000004E7 BB 000000FF                     	MOV	EBX,255
   654 000004EC 6A FF                           	PUSH	-1
   655 000004EE 68 00270008                     	PUSH	2555912
   656 000004F3 E8 00000058                     	CALL	_set_segmdsc
   657 000004F8 68 0000409A                     	PUSH	16538
   658 000004FD 68 00280000                     	PUSH	2621440
   659 00000502 68 0007FFFF                     	PUSH	524287
   660 00000507 68 00270010                     	PUSH	2555920
   661 0000050C E8 0000003F                     	CALL	_set_segmdsc
   662 00000511 83 C4 20                        	ADD	ESP,32
   663 00000514 68 00270000                     	PUSH	2555904
   664 00000519 68 0000FFFF                     	PUSH	65535
   665 0000051E E8 [00000000]                   	CALL	_load_gdtr
   666 00000523 58                              	POP	EAX
   667 00000524 5A                              	POP	EDX
   668 00000525                                 L100:
   669 00000525 6A 00                           	PUSH	0
   670 00000527 6A 00                           	PUSH	0
   671 00000529 6A 00                           	PUSH	0
   672 0000052B 56                              	PUSH	ESI
   673 0000052C 83 C6 08                        	ADD	ESI,8
   674 0000052F E8 00000066                     	CALL	_set_gatedesc
   675 00000534 83 C4 10                        	ADD	ESP,16
   676 00000537 4B                              	DEC	EBX
   677 00000538 79 EB                           	JNS	L100
   678 0000053A 68 0026F800                     	PUSH	2553856
   679 0000053F 68 000007FF                     	PUSH	2047
   680 00000544 E8 [00000000]                   	CALL	_load_idtr
   681 00000549 8D 65 F8                        	LEA	ESP,DWORD [-8+EBP]
   682 0000054C 5B                              	POP	EBX
   683 0000054D 5E                              	POP	ESI
   684 0000054E 5D                              	POP	EBP
   685 0000054F C3                              	RET
   686 00000550                                 	GLOBAL	_set_segmdsc
   687 00000550                                 _set_segmdsc:
   688 00000550 55                              	PUSH	EBP
   689 00000551 89 E5                           	MOV	EBP,ESP
   690 00000553 53                              	PUSH	EBX
   691 00000554 8B 55 0C                        	MOV	EDX,DWORD [12+EBP]
   692 00000557 8B 4D 10                        	MOV	ECX,DWORD [16+EBP]
   693 0000055A 8B 5D 08                        	MOV	EBX,DWORD [8+EBP]
   694 0000055D 8B 45 14                        	MOV	EAX,DWORD [20+EBP]
   695 00000560 81 FA 000FFFFF                  	CMP	EDX,1048575
   696 00000566 76 08                           	JBE	L106
   697 00000568 C1 EA 0C                        	SHR	EDX,12
   698 0000056B 0D 00008000                     	OR	EAX,32768
   699 00000570                                 L106:
   700 00000570 66 89 13                        	MOV	WORD [EBX],DX
   701 00000573 88 43 05                        	MOV	BYTE [5+EBX],AL
   702 00000576 C1 EA 10                        	SHR	EDX,16
   703 00000579 C1 F8 08                        	SAR	EAX,8
   704 0000057C 83 E2 0F                        	AND	EDX,15
   705 0000057F 66 89 4B 02                     	MOV	WORD [2+EBX],CX
   706 00000583 83 E0 F0                        	AND	EAX,-16
   707 00000586 C1 F9 10                        	SAR	ECX,16
   708 00000589 09 C2                           	OR	EDX,EAX
   709 0000058B 88 4B 04                        	MOV	BYTE [4+EBX],CL
   710 0000058E 88 53 06                        	MOV	BYTE [6+EBX],DL
   711 00000591 C1 F9 08                        	SAR	ECX,8
   712 00000594 88 4B 07                        	MOV	BYTE [7+EBX],CL
   713 00000597 5B                              	POP	EBX
   714 00000598 5D                              	POP	EBP
   715 00000599 C3                              	RET
   716 0000059A                                 	GLOBAL	_set_gatedesc
   717 0000059A                                 _set_gatedesc:
   718 0000059A 55                              	PUSH	EBP
   719 0000059B 89 E5                           	MOV	EBP,ESP
   720 0000059D 53                              	PUSH	EBX
   721 0000059E 8B 55 08                        	MOV	EDX,DWORD [8+EBP]
   722 000005A1 8B 45 10                        	MOV	EAX,DWORD [16+EBP]
   723 000005A4 8B 5D 14                        	MOV	EBX,DWORD [20+EBP]
   724 000005A7 8B 4D 0C                        	MOV	ECX,DWORD [12+EBP]
   725 000005AA 66 89 42 02                     	MOV	WORD [2+EDX],AX
   726 000005AE 88 5A 05                        	MOV	BYTE [5+EDX],BL
   727 000005B1 66 89 0A                        	MOV	WORD [EDX],CX
   728 000005B4 89 D8                           	MOV	EAX,EBX
   729 000005B6 C1 F8 08                        	SAR	EAX,8
   730 000005B9 C1 F9 10                        	SAR	ECX,16
   731 000005BC 88 42 04                        	MOV	BYTE [4+EDX],AL
   732 000005BF 66 89 4A 06                     	MOV	WORD [6+EDX],CX
   733 000005C3 5B                              	POP	EBX
   734 000005C4 5D                              	POP	EBP
   735 000005C5 C3                              	RET
