     1                                  ;EasyOS day2
     2                                  
     3                                      ORG 0x7C00  ;指明程序的装载地址
     4                                  
     5                                  ;标准FAT12格式软盘的专用代码
     6 00000000 EB4C                        JMP ENTRY
     7 00000002 90                          DB 0x90
     8 00000003 454153594F532020            DB "EASYOS  ";启动区的名称(8字节)
     9 0000000B 0002                        DW 512       ;每个扇区大小(必须512字节)
    10 0000000D 01                          DB 1         ;簇大小(必须1扇区)
    11 0000000E 0100                        DW 1         ;FAT的起始位置(一般从第一个扇区开始)
    12 00000010 02                          DB 2         ;FAT的个数(必须为2)
    13 00000011 E000                        DW 224       ;根目录的大小(一般设成224项)
    14 00000013 400B                        DW 2880      ;该磁盘的大小(必须时2880扇区)
    15 00000015 F0                          DB 0xF0      ;该磁盘的种类(必须是0XF0)
    16 00000016 0900                        DW 9         ;FAT的长度(必须是9扇区)
    17 00000018 1200                        DW 18        ;1个磁道有几个扇区(必须是18)
    18 0000001A 0200                        DW 2         ;磁头数(必须是2)
    19 0000001C 0200                        DW 2         ;不使用分区,必须是0
    20 0000001E 400B0000                    DD 2880      ;重写一次磁盘大小
    21 00000022 000029                      DB 0,0,0x29  ;意义不明,固定
    22 00000025 FFFFFFFF                    DD 0xFFFFFFFF;(可能是)卷标号码
    23 00000029 454153594F53202020-         DB "EASYOS     ";磁盘的名称(11字节)
    23 00000032 2020               
    24 00000034 4641543132202020            DB "FAT12   ";磁盘格式名称(8字节)
    25 0000003C 00<rept>                    TIMES 18 DB 0     ;先空出18字节
    26                                  
    27                                  ;程序主体
    28                                  ENTRY:
    29 0000004E B80000                      MOV AX,0    ;初始化寄存器
    30 00000051 8ED0                        MOV SS,AX
    31 00000053 BC007C                      MOV SP,0x7C00
    32 00000056 8ED8                        MOV DS,AX
    33 00000058 8EC0                        MOV ES,AX
    34                                  
    35 0000005A BE[7200]                    MOV SI,MSG
    36                                  PUTLOOP:
    37 0000005D 8A04                        MOV AL,[SI]
    38 0000005F 83C601                      ADD SI,1
    39 00000062 3C00                        CMP AL,0
    40 00000064 7409                        JE FIN
    41 00000066 B40E                        MOV AH,0x0E ;显示一个文字
    42 00000068 BB0F00                      MOV BX,15   ;指定字符颜色
    43 0000006B CD10                        INT 0x10    ;调用显卡BIOS
    44 0000006D EBEE                        JMP PUTLOOP
    45                                  FIN:
    46 0000006F F4                          HLT         ;让CPU停止,等待命令
    47 00000070 EBFD                        JMP FIN     ;无限循环
    48                                  MSG:
    49 00000072 0A0A                        DB 0x0A,0x0A;换行两次
    50 00000074 48656C6C6F2C20776F-         DB "Hello, world"
    50 0000007D 726C64             
    51 00000080 0A                          DB 0x0A     ;换行
    52 00000081 00                          DB 0
    53                                  
    54 00000082 00<rept>                    TIMES 510-($-$$) DB 0;填写0x00,直到0x7DFE
    55 000001FE 55AA                        DB 0x55,0xAA
    56                                  
    57                                  ;启动区以外的输出
    58 00000200 F0FFFF0000000000            DB 0xF0,0xFF,0xFF,0x00,0x00,0x00,0x00,0x00
    59 00000208 00<rept>                    TIMES 4600 DB 0
    60 00001400 F0FFFF0000000000            DB 0xF0,0xFF,0xFF,0x00,0x00,0x00,0x00,0x00
    61 00001408 00<rept>                    TIMES 1469432 DB 0
